2025-08-02 14:21:04,836 - ImprovedSemanticChunker - INFO - Loading BGE-large-EN embedding model (memory optimized)...
2025-08-02 14:21:04,840 - sentence_transformers.SentenceTransformer - INFO - Load pretrained SentenceTransformer: BAAI/bge-large-en-v1.5
2025-08-02 14:21:09,657 - chromadb.telemetry.product.posthog - INFO - Anonymized telemetry enabled. See                     https://docs.trychroma.com/telemetry for more information.
2025-08-02 14:21:14,554 - ImprovedSemanticChunker - INFO - ================================================================================
2025-08-02 14:21:14,554 - ImprovedSemanticChunker - INFO - STARTING NEW PAYLOAD PROCESSING
2025-08-02 14:21:14,554 - ImprovedSemanticChunker - INFO - Using pre-chunked collection: indian_constitution_collection
2025-08-02 14:21:14,555 - ImprovedSemanticChunker - INFO - 
--- Processing Question 1: What is the official name of India according to Article 1? ---
2025-08-02 14:21:14,555 - ImprovedSemanticChunker - INFO - Searching for: 'What is the official name of India according to Article 1?'
2025-08-02 14:21:16,917 - ImprovedSemanticChunker - INFO - ================================================================================
2025-08-02 14:21:16,917 - ImprovedSemanticChunker - INFO - STARTING NEW PAYLOAD PROCESSING
2025-08-02 14:21:16,918 - ImprovedSemanticChunker - INFO - Using pre-chunked collection: indian_constitution_collection
2025-08-02 14:21:16,920 - ImprovedSemanticChunker - INFO - 
--- Processing Question 1: If my car is stolen, what case will it be in law? ---
2025-08-02 14:21:16,920 - ImprovedSemanticChunker - INFO - Searching for: 'If my car is stolen, what case will it be in law?'
2025-08-02 14:21:17,229 - ImprovedSemanticChunker - INFO - ================================================================================
2025-08-02 14:21:17,229 - ImprovedSemanticChunker - INFO - STARTING NEW PAYLOAD PROCESSING
2025-08-02 14:21:17,229 - ImprovedSemanticChunker - INFO - Using pre-chunked collection: indian_constitution_collection
2025-08-02 14:21:17,230 - ImprovedSemanticChunker - INFO - 
--- Processing Question 1: What is the official name of India according to Article 1? ---
2025-08-02 14:21:17,230 - ImprovedSemanticChunker - INFO - Searching for: 'What is the official name of India according to Article 1?'
2025-08-02 14:21:19,736 - ImprovedSemanticChunker - INFO - ================================================================================
2025-08-02 14:21:19,736 - ImprovedSemanticChunker - INFO - STARTING NEW PAYLOAD PROCESSING
2025-08-02 14:21:19,737 - ImprovedSemanticChunker - INFO - Using pre-chunked collection: indian_constitution_collection
2025-08-02 14:21:19,739 - ImprovedSemanticChunker - INFO - 
--- Processing Question 1: If my car is stolen, what case will it be in law? ---
2025-08-02 14:21:19,739 - ImprovedSemanticChunker - INFO - Searching for: 'If my car is stolen, what case will it be in law?'
