2025-08-02 15:35:21,648 - ImprovedSemanticChunker - INFO - Loading BGE-large-EN embedding model (memory optimized)...
2025-08-02 15:35:21,668 - sentence_transformers.SentenceTransformer - INFO - Load pretrained SentenceTransformer: BAAI/bge-large-en-v1.5
2025-08-02 15:35:26,830 - chromadb.telemetry.product.posthog - INFO - Anonymized telemetry enabled. See                     https://docs.trychroma.com/telemetry for more information.
2025-08-02 15:35:28,915 - httpx - INFO - HTTP Request: POST https://api.cloud.llamaindex.ai/api/parsing/upload "HTTP/1.1 200 OK"
2025-08-02 15:35:30,259 - httpx - INFO - HTTP Request: GET https://api.cloud.llamaindex.ai/api/parsing/job/1dc88333-3492-417a-8161-3900fe59cd6e "HTTP/1.1 200 OK"
2025-08-02 15:35:32,692 - httpx - INFO - HTTP Request: GET https://api.cloud.llamaindex.ai/api/parsing/job/1dc88333-3492-417a-8161-3900fe59cd6e "HTTP/1.1 200 OK"
2025-08-02 15:35:36,019 - httpx - INFO - HTTP Request: GET https://api.cloud.llamaindex.ai/api/parsing/job/1dc88333-3492-417a-8161-3900fe59cd6e "HTTP/1.1 200 OK"
2025-08-02 15:35:36,491 - httpx - INFO - HTTP Request: GET https://api.cloud.llamaindex.ai/api/parsing/job/1dc88333-3492-417a-8161-3900fe59cd6e/result/text "HTTP/1.1 200 OK"
2025-08-02 15:35:39,020 - ImprovedSemanticChunker - INFO - Creating vector embeddings and storing in ChromaDB...
2025-08-02 15:37:25,578 - ImprovedSemanticChunker - INFO - Added 1068 chunks to vector store: indian_constitution_collection
2025-08-02 15:37:27,598 - httpx - INFO - HTTP Request: POST https://api.cloud.llamaindex.ai/api/parsing/upload "HTTP/1.1 200 OK"
2025-08-02 15:37:28,928 - httpx - INFO - HTTP Request: GET https://api.cloud.llamaindex.ai/api/parsing/job/be4c28b5-3eb7-49c3-8304-355071bf6ccf "HTTP/1.1 200 OK"
2025-08-02 15:37:31,286 - httpx - INFO - HTTP Request: GET https://api.cloud.llamaindex.ai/api/parsing/job/be4c28b5-3eb7-49c3-8304-355071bf6ccf "HTTP/1.1 200 OK"
2025-08-02 15:37:34,728 - httpx - INFO - HTTP Request: GET https://api.cloud.llamaindex.ai/api/parsing/job/be4c28b5-3eb7-49c3-8304-355071bf6ccf "HTTP/1.1 200 OK"
2025-08-02 15:37:39,061 - httpx - INFO - HTTP Request: GET https://api.cloud.llamaindex.ai/api/parsing/job/be4c28b5-3eb7-49c3-8304-355071bf6ccf "HTTP/1.1 200 OK"
2025-08-02 15:37:44,833 - httpx - INFO - HTTP Request: GET https://api.cloud.llamaindex.ai/api/parsing/job/be4c28b5-3eb7-49c3-8304-355071bf6ccf "HTTP/1.1 200 OK"
2025-08-02 15:37:50,661 - httpx - INFO - HTTP Request: GET https://api.cloud.llamaindex.ai/api/parsing/job/be4c28b5-3eb7-49c3-8304-355071bf6ccf "HTTP/1.1 200 OK"
2025-08-02 15:37:51,236 - httpx - INFO - HTTP Request: GET https://api.cloud.llamaindex.ai/api/parsing/job/be4c28b5-3eb7-49c3-8304-355071bf6ccf/result/text "HTTP/1.1 200 OK"
2025-08-02 15:37:55,039 - ImprovedSemanticChunker - INFO - Creating vector embeddings and storing in ChromaDB...
2025-08-02 15:40:29,523 - ImprovedSemanticChunker - INFO - Added 2324 chunks to vector store: principia_newton_collection
2025-08-02 15:40:31,527 - httpx - INFO - HTTP Request: POST https://api.cloud.llamaindex.ai/api/parsing/upload "HTTP/1.1 200 OK"
2025-08-02 15:40:32,853 - httpx - INFO - HTTP Request: GET https://api.cloud.llamaindex.ai/api/parsing/job/8bc635f5-b216-4323-bdc0-cbe2bc8fb826 "HTTP/1.1 200 OK"
2025-08-02 15:40:35,180 - httpx - INFO - HTTP Request: GET https://api.cloud.llamaindex.ai/api/parsing/job/8bc635f5-b216-4323-bdc0-cbe2bc8fb826 "HTTP/1.1 200 OK"
2025-08-02 15:40:38,494 - httpx - INFO - HTTP Request: GET https://api.cloud.llamaindex.ai/api/parsing/job/8bc635f5-b216-4323-bdc0-cbe2bc8fb826 "HTTP/1.1 200 OK"
2025-08-02 15:40:42,846 - httpx - INFO - HTTP Request: GET https://api.cloud.llamaindex.ai/api/parsing/job/8bc635f5-b216-4323-bdc0-cbe2bc8fb826 "HTTP/1.1 200 OK"
2025-08-02 15:40:43,410 - httpx - INFO - HTTP Request: GET https://api.cloud.llamaindex.ai/api/parsing/job/8bc635f5-b216-4323-bdc0-cbe2bc8fb826/result/text "HTTP/1.1 200 OK"
2025-08-02 15:40:44,315 - ImprovedSemanticChunker - INFO - Creating vector embeddings and storing in ChromaDB...
2025-08-02 15:40:55,712 - ImprovedSemanticChunker - INFO - Added 136 chunks to vector store: doc_1
2025-08-02 15:40:57,042 - httpx - INFO - HTTP Request: POST https://api.cloud.llamaindex.ai/api/parsing/upload "HTTP/1.1 200 OK"
2025-08-02 15:40:58,368 - httpx - INFO - HTTP Request: GET https://api.cloud.llamaindex.ai/api/parsing/job/1cb4b0de-a2da-4639-8caf-bc17b10ea494 "HTTP/1.1 200 OK"
2025-08-02 15:41:00,701 - httpx - INFO - HTTP Request: GET https://api.cloud.llamaindex.ai/api/parsing/job/1cb4b0de-a2da-4639-8caf-bc17b10ea494 "HTTP/1.1 200 OK"
2025-08-02 15:41:04,046 - httpx - INFO - HTTP Request: GET https://api.cloud.llamaindex.ai/api/parsing/job/1cb4b0de-a2da-4639-8caf-bc17b10ea494 "HTTP/1.1 200 OK"
2025-08-02 15:41:04,483 - httpx - INFO - HTTP Request: GET https://api.cloud.llamaindex.ai/api/parsing/job/1cb4b0de-a2da-4639-8caf-bc17b10ea494/result/text "HTTP/1.1 200 OK"
2025-08-02 15:41:05,305 - ImprovedSemanticChunker - INFO - Creating vector embeddings and storing in ChromaDB...
2025-08-02 15:41:13,079 - ImprovedSemanticChunker - INFO - Added 99 chunks to vector store: doc_2
2025-08-02 15:41:14,918 - httpx - INFO - HTTP Request: POST https://api.cloud.llamaindex.ai/api/parsing/upload "HTTP/1.1 200 OK"
2025-08-02 15:41:16,330 - httpx - INFO - HTTP Request: GET https://api.cloud.llamaindex.ai/api/parsing/job/1a49f450-2aeb-46bf-9197-e9662f0686f4 "HTTP/1.1 200 OK"
2025-08-02 15:41:18,649 - httpx - INFO - HTTP Request: GET https://api.cloud.llamaindex.ai/api/parsing/job/1a49f450-2aeb-46bf-9197-e9662f0686f4 "HTTP/1.1 200 OK"
2025-08-02 15:41:21,992 - httpx - INFO - HTTP Request: GET https://api.cloud.llamaindex.ai/api/parsing/job/1a49f450-2aeb-46bf-9197-e9662f0686f4 "HTTP/1.1 200 OK"
2025-08-02 15:41:26,386 - httpx - INFO - HTTP Request: GET https://api.cloud.llamaindex.ai/api/parsing/job/1a49f450-2aeb-46bf-9197-e9662f0686f4 "HTTP/1.1 200 OK"
2025-08-02 15:41:32,168 - httpx - INFO - HTTP Request: GET https://api.cloud.llamaindex.ai/api/parsing/job/1a49f450-2aeb-46bf-9197-e9662f0686f4 "HTTP/1.1 200 OK"
2025-08-02 15:41:37,921 - httpx - INFO - HTTP Request: GET https://api.cloud.llamaindex.ai/api/parsing/job/1a49f450-2aeb-46bf-9197-e9662f0686f4 "HTTP/1.1 200 OK"
2025-08-02 15:41:43,664 - httpx - INFO - HTTP Request: GET https://api.cloud.llamaindex.ai/api/parsing/job/1a49f450-2aeb-46bf-9197-e9662f0686f4 "HTTP/1.1 200 OK"
2025-08-02 15:41:49,394 - httpx - INFO - HTTP Request: GET https://api.cloud.llamaindex.ai/api/parsing/job/1a49f450-2aeb-46bf-9197-e9662f0686f4 "HTTP/1.1 200 OK"
2025-08-02 15:41:49,958 - httpx - INFO - HTTP Request: GET https://api.cloud.llamaindex.ai/api/parsing/job/1a49f450-2aeb-46bf-9197-e9662f0686f4/result/text "HTTP/1.1 200 OK"
2025-08-02 15:41:51,265 - ImprovedSemanticChunker - INFO - Creating vector embeddings and storing in ChromaDB...
2025-08-02 15:42:10,970 - ImprovedSemanticChunker - INFO - Added 174 chunks to vector store: doc_3
2025-08-02 15:42:12,796 - httpx - INFO - HTTP Request: POST https://api.cloud.llamaindex.ai/api/parsing/upload "HTTP/1.1 200 OK"
2025-08-02 15:42:14,188 - httpx - INFO - HTTP Request: GET https://api.cloud.llamaindex.ai/api/parsing/job/63da5d1a-f039-4ab3-81c0-4a7f3ad43e2c "HTTP/1.1 200 OK"
2025-08-02 15:42:16,499 - httpx - INFO - HTTP Request: GET https://api.cloud.llamaindex.ai/api/parsing/job/63da5d1a-f039-4ab3-81c0-4a7f3ad43e2c "HTTP/1.1 200 OK"
2025-08-02 15:42:19,816 - httpx - INFO - HTTP Request: GET https://api.cloud.llamaindex.ai/api/parsing/job/63da5d1a-f039-4ab3-81c0-4a7f3ad43e2c "HTTP/1.1 200 OK"
2025-08-02 15:42:20,487 - httpx - INFO - HTTP Request: GET https://api.cloud.llamaindex.ai/api/parsing/job/63da5d1a-f039-4ab3-81c0-4a7f3ad43e2c/result/text "HTTP/1.1 200 OK"
2025-08-02 15:42:21,342 - ImprovedSemanticChunker - INFO - Creating vector embeddings and storing in ChromaDB...
2025-08-02 15:42:31,327 - ImprovedSemanticChunker - INFO - Added 117 chunks to vector store: doc_4
2025-08-02 15:42:32,918 - httpx - INFO - HTTP Request: POST https://api.cloud.llamaindex.ai/api/parsing/upload "HTTP/1.1 200 OK"
2025-08-02 15:42:34,252 - httpx - INFO - HTTP Request: GET https://api.cloud.llamaindex.ai/api/parsing/job/aa637dc0-d3e9-4aa2-8a10-930192b47b30 "HTTP/1.1 200 OK"
2025-08-02 15:42:36,598 - httpx - INFO - HTTP Request: GET https://api.cloud.llamaindex.ai/api/parsing/job/aa637dc0-d3e9-4aa2-8a10-930192b47b30 "HTTP/1.1 200 OK"
2025-08-02 15:42:39,971 - httpx - INFO - HTTP Request: GET https://api.cloud.llamaindex.ai/api/parsing/job/aa637dc0-d3e9-4aa2-8a10-930192b47b30 "HTTP/1.1 200 OK"
2025-08-02 15:42:40,442 - httpx - INFO - HTTP Request: GET https://api.cloud.llamaindex.ai/api/parsing/job/aa637dc0-d3e9-4aa2-8a10-930192b47b30/result/text "HTTP/1.1 200 OK"
2025-08-02 15:42:41,354 - ImprovedSemanticChunker - INFO - Creating vector embeddings and storing in ChromaDB...
2025-08-02 15:42:52,768 - ImprovedSemanticChunker - INFO - Added 153 chunks to vector store: doc_5
2025-08-02 15:42:54,558 - httpx - INFO - HTTP Request: POST https://api.cloud.llamaindex.ai/api/parsing/upload "HTTP/1.1 200 OK"
2025-08-02 15:42:55,901 - httpx - INFO - HTTP Request: GET https://api.cloud.llamaindex.ai/api/parsing/job/2cc62cd4-a7df-49c1-942d-db20247450d0 "HTTP/1.1 200 OK"
2025-08-02 15:42:58,244 - httpx - INFO - HTTP Request: GET https://api.cloud.llamaindex.ai/api/parsing/job/2cc62cd4-a7df-49c1-942d-db20247450d0 "HTTP/1.1 200 OK"
2025-08-02 15:43:01,567 - httpx - INFO - HTTP Request: GET https://api.cloud.llamaindex.ai/api/parsing/job/2cc62cd4-a7df-49c1-942d-db20247450d0 "HTTP/1.1 200 OK"
2025-08-02 15:43:02,057 - httpx - INFO - HTTP Request: GET https://api.cloud.llamaindex.ai/api/parsing/job/2cc62cd4-a7df-49c1-942d-db20247450d0/result/text "HTTP/1.1 200 OK"
2025-08-02 15:43:03,248 - ImprovedSemanticChunker - INFO - Creating vector embeddings and storing in ChromaDB...
2025-08-02 15:43:22,026 - ImprovedSemanticChunker - INFO - Added 214 chunks to vector store: uni_group_health_collection
