2025-08-01 10:20:58,844 - sentence_transformers.SentenceTransformer - INFO - Load pretrained SentenceTransformer: BAAI/bge-large-en-v1.5
2025-08-01 10:21:06,968 - sentence_transformers.SentenceTransformer - INFO - Load pretrained SentenceTransformer: BAAI/bge-large-en-v1.5
2025-08-01 10:21:13,903 - chromadb.telemetry.product.posthog - INFO - Anonymized telemetry enabled. See                     https://docs.trychroma.com/telemetry for more information.
2025-08-01 10:21:14,196 - ImprovedSemanticChunker - INFO - Starting processing of new payload
2025-08-01 10:21:14,196 - ImprovedSemanticChunker - INFO - Document URL: https://hackrx.blob.core.windows.net/assets/policy.pdf?sv=2023-01-03&st=2025-07-04T09%3A11%3A24Z&se=2027-07-05T09%3A11%3A00Z&sr=b&sp=r&sig=N4a9OU0w0QXO6AOIBiu4bpl7AXvEZogeT%2FjUHNO7HzQ%3D
2025-08-01 10:21:14,196 - ImprovedSemanticChunker - INFO - Number of questions: 10
2025-08-01 10:21:24,904 - ImprovedSemanticChunker - INFO - Extracted 109251 characters from document
2025-08-01 10:21:24,920 - ImprovedSemanticChunker - INFO - Created 65 token-based chunks with 100 token overlap
2025-08-01 10:21:24,920 - ImprovedSemanticChunker - INFO - Sample chunk 1: National Insurance Co. Ltd. Premises No. 18 -0374, Plot no. CBD -81, New Town, Kolkata - 700156 Page...
2025-08-01 10:21:24,920 - ImprovedSemanticChunker - INFO - Sample chunk 2: ured in respect of the Insured family . 2 DEFINITIONS 2.1 Accident means a sudden, unforeseen and in...
2025-08-01 10:21:24,920 - ImprovedSemanticChunker - INFO - Sample chunk 3: terventions are carried out by AYUSH Medical Practitioner(s) comprising of any of the following: a. ...
2025-08-01 10:24:01,490 - ImprovedSemanticChunker - INFO - Processing question 1: What is the grace period for premium payment under the National Parivar Mediclaim Plus Policy?
2025-08-01 10:24:01,718 - ImprovedSemanticChunker - INFO - Retrieved 8 chunks for question 1
2025-08-01 10:24:01,718 - ImprovedSemanticChunker - INFO - Chunk 1 (Score: 0.778): National Insurance Co. Ltd. Premises No. 18 -0374, Plot no. CBD -81, New Town, Kolkata - 700156 Page 1 of 25 National Parivar Mediclaim Plus Policy UI...
2025-08-01 10:24:01,719 - ImprovedSemanticChunker - INFO - Chunk 2 (Score: 0.777): of continuous coverage after the date of inception of the first policy with us. This exclusion shall not be applicable for claims arising due to an ac...
2025-08-01 10:24:01,719 - ImprovedSemanticChunker - INFO - Chunk 3 (Score: 0.772): means diagnosis by a medical practitioner, supported by clinica l, radiological, histological and laboratory evidence, acceptable to the Company. 2.18...
2025-08-01 10:24:01,719 - ImprovedSemanticChunker - INFO - Chunk 4 (Score: 0.765): annually throughout the lifetime of the insured person. 7.2.1 Exclusions The Company shall not make any payment under the cover in respect of i. Treat...
2025-08-01 10:24:01,719 - ImprovedSemanticChunker - INFO - Chunk 5 (Score: 0.764): without any break. National Insurance Co. Ltd. Premises No. 18 -0374, Plot no. CBD -81, New Town, Kolkata - 700156 Page 5 of 25 National Parivar Medic...
2025-08-01 10:24:01,719 - ImprovedSemanticChunker - INFO - Chunk 6 (Score: 0.752): Cessation of Cover 1 upon payment of the benefit amount on the occurrence of a critical illness the cover shall cease and no further claim shall be pa...
2025-08-01 10:24:01,719 - ImprovedSemanticChunker - INFO - Chunk 7 (Score: 0.742): treatment has been taken. * The country has been divided into four zones. Zone I - Greater Mumbai Metropolitan area, entire state of Gujarat Zone II –...
2025-08-01 10:24:01,719 - ImprovedSemanticChunker - INFO - Chunk 8 (Score: 0.731): not apply if the treatment is undergone for a listed procedure in a Preferred Provider Network (PPN) as a package *** Critical Illness benefit amount ...
2025-08-01 10:24:05,206 - ImprovedSemanticChunker - INFO - Final answer for question 1: Yes, the grace period for premium payment under the National Parivar Mediclaim Plus Policy is thirty days.
2025-08-01 10:24:05,206 - ImprovedSemanticChunker - INFO - Processing question 2: What is the waiting period for pre-existing diseases (PED) to be covered?
2025-08-01 10:24:05,466 - ImprovedSemanticChunker - INFO - Retrieved 8 chunks for question 2
2025-08-01 10:24:05,466 - ImprovedSemanticChunker - INFO - Chunk 1 (Score: 0.729): of continuous coverage after the date of inception of the first policy with us. This exclusion shall not be applicable for claims arising due to an ac...
2025-08-01 10:24:05,466 - ImprovedSemanticChunker - INFO - Chunk 2 (Score: 0.713): Aggregate amount of NCD allowed shall not exceed flat 5% of the total base premium for the term of the policy. * Base premium depends on the zone and ...
2025-08-01 10:24:05,467 - ImprovedSemanticChunker - INFO - Chunk 3 (Score: 0.710): malignancy o. Surgery for prolapsed intervertebral disc unless arising from accident p. Surgery of varicose vein q. Hysterectomy r. Refractive error o...
2025-08-01 10:24:05,467 - ImprovedSemanticChunker - INFO - Chunk 4 (Score: 0.667): months before availing this benefit. The New Born Baby shall be automatically covered from birth under the Sum Insured available to the mother during ...
2025-08-01 10:24:05,467 - ImprovedSemanticChunker - INFO - Chunk 5 (Score: 0.657): 4.3 shall apply. Coverage on enhanced sum insured shall be available after the completion of waiting periods . 5.17 Adjustment of Premium for Overseas...
2025-08-01 10:24:05,468 - ImprovedSemanticChunker - INFO - Chunk 6 (Score: 0.655): Up to SI Vaccination for New Born Baby As part of Maternity As part of Maternity As part of Maternity Infertility (per insured person, in a policy yea...
2025-08-01 10:24:05,468 - ImprovedSemanticChunker - INFO - Chunk 7 (Score: 0.654): not apply if the treatment is undergone for a listed procedure in a Preferred Provider Network (PPN) as a package *** Critical Illness benefit amount ...
2025-08-01 10:24:05,468 - ImprovedSemanticChunker - INFO - Chunk 8 (Score: 0.651): f rom the date of commencement of the policy period and ending on the last day of such twelve month period. For the purpose of subsequent years, polic...
2025-08-01 10:24:06,639 - ImprovedSemanticChunker - INFO - Final answer for question 2: Expenses related to the treatment of a Pre-Existing Disease and its direct complications shall be excluded until the expiry of thirty-six (36) months of continuous coverage after the date of inception of the first policy.
2025-08-01 10:24:06,639 - ImprovedSemanticChunker - INFO - Processing question 3: Does this policy cover maternity expenses, and what are the conditions?
2025-08-01 10:24:06,869 - ImprovedSemanticChunker - INFO - Retrieved 8 chunks for question 3
2025-08-01 10:24:06,869 - ImprovedSemanticChunker - INFO - Chunk 1 (Score: 0.760): months before availing this benefit. The New Born Baby shall be automatically covered from birth under the Sum Insured available to the mother during ...
2025-08-01 10:24:06,869 - ImprovedSemanticChunker - INFO - Chunk 2 (Score: 0.717): day care treatment, for procedures and/ or treatmen t of infertility, provided the Policy has been continuously in force for twenty four (24) months f...
2025-08-01 10:24:06,869 - ImprovedSemanticChunker - INFO - Chunk 3 (Score: 0.680): given to the Company/TPA, and a claim has been admitted under In-patient Treatmen t Section . 3.1.11 Medical Emergency Reunion In the event of the ins...
2025-08-01 10:24:06,869 - ImprovedSemanticChunker - INFO - Chunk 4 (Score: 0.666): be up to the limit as shown in the Table of Benefits , for Plan A only . However, the limit shall not apply if the treatment is undergone for a listed...
2025-08-01 10:24:06,869 - ImprovedSemanticChunker - INFO - Chunk 5 (Score: 0.648): person) Up to 15% of SI or INR 60,000 whichever is lower Up to SI Up to SI Domiciliary Hospitalisation (as Floater) Up to INR 1,00,000 Up to INR 2,00,...
2025-08-01 10:24:06,869 - ImprovedSemanticChunker - INFO - Chunk 6 (Score: 0.638): without any break. National Insurance Co. Ltd. Premises No. 18 -0374, Plot no. CBD -81, New Town, Kolkata - 700156 Page 5 of 25 National Parivar Medic...
2025-08-01 10:24:06,870 - ImprovedSemanticChunker - INFO - Chunk 7 (Score: 0.637): Up to SI Vaccination for New Born Baby As part of Maternity As part of Maternity As part of Maternity Infertility (per insured person, in a policy yea...
2025-08-01 10:24:06,870 - ImprovedSemanticChunker - INFO - Chunk 8 (Score: 0.635): malignancy o. Surgery for prolapsed intervertebral disc unless arising from accident p. Surgery of varicose vein q. Hysterectomy r. Refractive error o...
2025-08-01 10:24:08,072 - ImprovedSemanticChunker - INFO - Final answer for question 3: Yes, the policy covers maternity expenses, including childbirth and lawful medical termination of pregnancy, provided the female Insured Person is between 18 and 45 years of age and has been continuously covered for at least 24 months before availing the benefit, with a limit of two deliveries or terminations covered under the policy and its renewals.
2025-08-01 10:24:08,072 - ImprovedSemanticChunker - INFO - Processing question 4: What is the waiting period for cataract surgery?
2025-08-01 10:24:08,341 - ImprovedSemanticChunker - INFO - Retrieved 8 chunks for question 4
2025-08-01 10:24:08,341 - ImprovedSemanticChunker - INFO - Chunk 1 (Score: 0.619): malignancy o. Surgery for prolapsed intervertebral disc unless arising from accident p. Surgery of varicose vein q. Hysterectomy r. Refractive error o...
2025-08-01 10:24:08,341 - ImprovedSemanticChunker - INFO - Chunk 2 (Score: 0.603): of continuous coverage after the date of inception of the first policy with us. This exclusion shall not be applicable for claims arising due to an ac...
2025-08-01 10:24:08,341 - ImprovedSemanticChunker - INFO - Chunk 3 (Score: 0.579): otherapy Only cost of medicines payable under this limit, other incidental charges like investigations and consultation charges not payable. Immunothe...
2025-08-01 10:24:08,341 - ImprovedSemanticChunker - INFO - Chunk 4 (Score: 0.557): Up to SI Vaccination for New Born Baby As part of Maternity As part of Maternity As part of Maternity Infertility (per insured person, in a policy yea...
2025-08-01 10:24:08,341 - ImprovedSemanticChunker - INFO - Chunk 5 (Score: 0.553): person) Up to 15% of SI or INR 60,000 whichever is lower Up to SI Up to SI Domiciliary Hospitalisation (as Floater) Up to INR 1,00,000 Up to INR 2,00,...
2025-08-01 10:24:08,341 - ImprovedSemanticChunker - INFO - Chunk 6 (Score: 0.551): without any break. National Insurance Co. Ltd. Premises No. 18 -0374, Plot no. CBD -81, New Town, Kolkata - 700156 Page 5 of 25 National Parivar Medic...
2025-08-01 10:24:08,341 - ImprovedSemanticChunker - INFO - Chunk 7 (Score: 0.541): . A speci alist medical practitioner must be of the opinion that the paralysis will be permanent with no hope of recovery and m ust be present for mor...
2025-08-01 10:24:08,341 - ImprovedSemanticChunker - INFO - Chunk 8 (Score: 0.538): Error The Company shall indemnify the Hospital or the Insured the Medical Expenses, including Pre Hospitalisation expenses and Post Hospitalisati on e...
2025-08-01 10:24:09,166 - ImprovedSemanticChunker - INFO - Final answer for question 4: Yes, the waiting period for cataract surgery is two years.
2025-08-01 10:24:09,166 - ImprovedSemanticChunker - INFO - Processing question 5: Are the medical expenses for an organ donor covered under this policy?
2025-08-01 10:24:09,443 - ImprovedSemanticChunker - INFO - Retrieved 8 chunks for question 5
2025-08-01 10:24:09,443 - ImprovedSemanticChunker - INFO - Chunk 1 (Score: 0.762): Person has been medically advised to undergo an organ transplant iii. The Medical Expenses shall be incurred in respect of the organ donor as an in -p...
2025-08-01 10:24:09,443 - ImprovedSemanticChunker - INFO - Chunk 2 (Score: 0.714): ) Bronchitis c) Chronic nephritis and nephritic syndrome d) Diarrhoea and all type of dysenteries including gastroenteritis e) Epilepsy f) Influenza, ...
2025-08-01 10:24:09,443 - ImprovedSemanticChunker - INFO - Chunk 3 (Score: 0.680): to 5/50 HPFs; III Kidney Failure Requiring Regular Dialysis End stage renal disease presenting as chronic irreversible failure of both kidneys to func...
2025-08-01 10:24:09,444 - ImprovedSemanticChunker - INFO - Chunk 4 (Score: 0.666): person) Up to 15% of SI or INR 60,000 whichever is lower Up to SI Up to SI Domiciliary Hospitalisation (as Floater) Up to INR 1,00,000 Up to INR 2,00,...
2025-08-01 10:24:09,444 - ImprovedSemanticChunker - INFO - Chunk 5 (Score: 0.666): without any break. National Insurance Co. Ltd. Premises No. 18 -0374, Plot no. CBD -81, New Town, Kolkata - 700156 Page 5 of 25 National Parivar Medic...
2025-08-01 10:24:09,444 - ImprovedSemanticChunker - INFO - Chunk 6 (Score: 0.664): day care treatment, for procedures and/ or treatmen t of infertility, provided the Policy has been continuously in force for twenty four (24) months f...
2025-08-01 10:24:09,444 - ImprovedSemanticChunker - INFO - Chunk 7 (Score: 0.652): required for this benefit. 3.1.17 HIV/ AIDS Cover The Company shall indemnify the Hospital or the Insured the Medical Expenses (including Pre and Post...
2025-08-01 10:24:09,444 - ImprovedSemanticChunker - INFO - Chunk 8 (Score: 0.652): given to the Company/TPA, and a claim has been admitted under In-patient Treatmen t Section . 3.1.11 Medical Emergency Reunion In the event of the ins...
2025-08-01 10:24:10,757 - ImprovedSemanticChunker - INFO - Final answer for question 5: Yes, the policy covers medical expenses for an organ donor as an in-patient in a hospital for organ harvesting, provided the donation conforms to the Transplantation of Human Organs Act 1994 and a claim has been admitted for the insured person undergoing the transplant.
2025-08-01 10:24:10,758 - ImprovedSemanticChunker - INFO - Processing question 6: What is the No Claim Discount (NCD) offered in this policy?
2025-08-01 10:24:10,984 - ImprovedSemanticChunker - INFO - Retrieved 8 chunks for question 6
2025-08-01 10:24:10,984 - ImprovedSemanticChunker - INFO - Chunk 1 (Score: 0.685): Aggregate amount of NCD allowed shall not exceed flat 5% of the total base premium for the term of the policy. * Base premium depends on the zone and ...
2025-08-01 10:24:10,985 - ImprovedSemanticChunker - INFO - Chunk 2 (Score: 0.681): the terms and conditions of the policy. If he/she is not satisfied with any of the terms and conditions, he/she has the option to cance l his/her poli...
2025-08-01 10:24:10,985 - ImprovedSemanticChunker - INFO - Chunk 3 (Score: 0.672): without any break. National Insurance Co. Ltd. Premises No. 18 -0374, Plot no. CBD -81, New Town, Kolkata - 700156 Page 5 of 25 National Parivar Medic...
2025-08-01 10:24:10,985 - ImprovedSemanticChunker - INFO - Chunk 4 (Score: 0.666): ud" means any of the following acts committed by the insured person or by his agent or the hospital/doctor/any other party acting on behalf of the ins...
2025-08-01 10:24:10,985 - ImprovedSemanticChunker - INFO - Chunk 5 (Score: 0.666): INR 2,000/ 3,000/ 4,000/ 5,000/ 10,000/ 15,000/ 20,000/ 25,000 in addition to the SI ***Critical Illness (per insured person in a policy year) Benefit...
2025-08-01 10:24:10,985 - ImprovedSemanticChunker - INFO - Chunk 6 (Score: 0.660): not apply if the treatment is undergone for a listed procedure in a Preferred Provider Network (PPN) as a package *** Critical Illness benefit amount ...
2025-08-01 10:24:10,985 - ImprovedSemanticChunker - INFO - Chunk 7 (Score: 0.660): Cessation of Cover 1 upon payment of the benefit amount on the occurrence of a critical illness the cover shall cease and no further claim shall be pa...
2025-08-01 10:24:10,985 - ImprovedSemanticChunker - INFO - Chunk 8 (Score: 0.659): no. CBD -81, New Town, Kolkata - 700156, email: customer.relations@nic.co.in , griho@nic.co.in For more information on grievance mechanism, and to dow...
2025-08-01 10:24:12,064 - ImprovedSemanticChunker - INFO - Final answer for question 6: The aggregate amount of No Claim Discount (NCD) allowed shall not exceed flat 5% of the total base premium for the term of the policy.
2025-08-01 10:24:12,064 - ImprovedSemanticChunker - INFO - Processing question 7: Is there a benefit for preventive health check-ups?
2025-08-01 10:24:12,298 - ImprovedSemanticChunker - INFO - Retrieved 8 chunks for question 7
2025-08-01 10:24:12,300 - ImprovedSemanticChunker - INFO - Chunk 1 (Score: 0.602): Aggregate amount of NCD allowed shall not exceed flat 5% of the total base premium for the term of the policy. * Base premium depends on the zone and ...
2025-08-01 10:24:12,300 - ImprovedSemanticChunker - INFO - Chunk 2 (Score: 0.585): Up to SI Vaccination for New Born Baby As part of Maternity As part of Maternity As part of Maternity Infertility (per insured person, in a policy yea...
2025-08-01 10:24:12,300 - ImprovedSemanticChunker - INFO - Chunk 3 (Score: 0.572): by persons between the age of eighteen years and sixty five years. Bene fit Amount Benefit amount available under Critical Illness cover shall be limi...
2025-08-01 10:24:12,301 - ImprovedSemanticChunker - INFO - Chunk 4 (Score: 0.564): of continuous coverage after the date of inception of the first policy with us. This exclusion shall not be applicable for claims arising due to an ac...
2025-08-01 10:24:12,301 - ImprovedSemanticChunker - INFO - Chunk 5 (Score: 0.564): malignancy o. Surgery for prolapsed intervertebral disc unless arising from accident p. Surgery of varicose vein q. Hysterectomy r. Refractive error o...
2025-08-01 10:24:12,301 - ImprovedSemanticChunker - INFO - Chunk 6 (Score: 0.560): not apply if the treatment is undergone for a listed procedure in a Preferred Provider Network (PPN) as a package *** Critical Illness benefit amount ...
2025-08-01 10:24:12,301 - ImprovedSemanticChunker - INFO - Chunk 7 (Score: 0.558): help with activities of daily living such as bathing, dressing, moving around either by skilled nurses or assistant or non -skilled persons . ii. Any ...
2025-08-01 10:24:12,301 - ImprovedSemanticChunker - INFO - Chunk 8 (Score: 0.557): without any break. National Insurance Co. Ltd. Premises No. 18 -0374, Plot no. CBD -81, New Town, Kolkata - 700156 Page 5 of 25 National Parivar Medic...
2025-08-01 10:24:13,333 - ImprovedSemanticChunker - INFO - Final answer for question 7: Yes, health check-up expenses are reimbursed at the end of a block of two continuous policy years, provided the policy has been continuously renewed without a break, up to the limit stated in the Table of Benefits.
2025-08-01 10:24:13,333 - ImprovedSemanticChunker - INFO - Processing question 8: How does the policy define a 'Hospital'?
2025-08-01 10:24:13,582 - ImprovedSemanticChunker - INFO - Retrieved 8 chunks for question 8
2025-08-01 10:24:13,582 - ImprovedSemanticChunker - INFO - Chunk 1 (Score: 0.682): means diagnosis by a medical practitioner, supported by clinica l, radiological, histological and laboratory evidence, acceptable to the Company. 2.18...
2025-08-01 10:24:13,582 - ImprovedSemanticChunker - INFO - Chunk 2 (Score: 0.660): , 1956, and includes, in relation to any State, any medi cal officer who having regard to his knowledge and experience in psychiatry, has been declare...
2025-08-01 10:24:13,582 - ImprovedSemanticChunker - INFO - Chunk 3 (Score: 0.657): charge round the clock; iv. has a fully equipped operation theatre of its own where surgical procedures are carried out v. maintains daily records of ...
2025-08-01 10:24:13,582 - ImprovedSemanticChunker - INFO - Chunk 4 (Score: 0.654): it continues indefinitely e) it comes back or is likely to come back. 2.27 In-patient Care means treatment for which the insured person has to stay in...
2025-08-01 10:24:13,582 - ImprovedSemanticChunker - INFO - Chunk 5 (Score: 0.639): India. 2.34 Medical Practitioner means a person who holds a valid registration from the medical council of any state or Medical Council of India or Co...
2025-08-01 10:24:13,582 - ImprovedSemanticChunker - INFO - Chunk 6 (Score: 0.624): mutual consent of the insured person and the insurer can be made only by a duly signed and sealed endorsement on the Policy. 2.12 Congenital anomaly r...
2025-08-01 10:24:13,582 - ImprovedSemanticChunker - INFO - Chunk 7 (Score: 0.610): terventions are carried out by AYUSH Medical Practitioner(s) comprising of any of the following: a. Central or State Government AYUSH Hospital or b. T...
2025-08-01 10:24:13,582 - ImprovedSemanticChunker - INFO - Chunk 8 (Score: 0.596): without any break. National Insurance Co. Ltd. Premises No. 18 -0374, Plot no. CBD -81, New Town, Kolkata - 700156 Page 5 of 25 National Parivar Medic...
2025-08-01 10:24:14,930 - ImprovedSemanticChunker - INFO - Final answer for question 8: A hospital is defined as an institution for in-patient and day care treatment registered with local authorities or complying with criteria including qualified nursing staff round the clock, at least ten inpatient beds in towns with less than ten lacs population and fifteen in other places, qualified medical practitioner(s) in charge round the clock, a fully equipped operation theatre, and daily patient records accessible to the Company.
2025-08-01 10:24:14,930 - ImprovedSemanticChunker - INFO - Processing question 9: What is the extent of coverage for AYUSH treatments?
2025-08-01 10:24:15,139 - ImprovedSemanticChunker - INFO - Retrieved 8 chunks for question 9
2025-08-01 10:24:15,139 - ImprovedSemanticChunker - INFO - Chunk 1 (Score: 0.714): terventions are carried out by AYUSH Medical Practitioner(s) comprising of any of the following: a. Central or State Government AYUSH Hospital or b. T...
2025-08-01 10:24:15,139 - ImprovedSemanticChunker - INFO - Chunk 2 (Score: 0.677): annually throughout the lifetime of the insured person. 7.2.1 Exclusions The Company shall not make any payment under the cover in respect of i. Treat...
2025-08-01 10:24:15,140 - ImprovedSemanticChunker - INFO - Chunk 3 (Score: 0.677): ured in respect of the Insured family . 2 DEFINITIONS 2.1 Accident means a sudden, unforeseen and involuntary event caused by external, visible and vi...
2025-08-01 10:24:15,140 - ImprovedSemanticChunker - INFO - Chunk 4 (Score: 0.666): treatment has been taken. * The country has been divided into four zones. Zone I - Greater Mumbai Metropolitan area, entire state of Gujarat Zone II –...
2025-08-01 10:24:15,140 - ImprovedSemanticChunker - INFO - Chunk 5 (Score: 0.654): Cessation of Cover 1 upon payment of the benefit amount on the occurrence of a critical illness the cover shall cease and no further claim shall be pa...
2025-08-01 10:24:15,140 - ImprovedSemanticChunker - INFO - Chunk 6 (Score: 0.649): not apply if the treatment is undergone for a listed procedure in a Preferred Provider Network (PPN) as a package *** Critical Illness benefit amount ...
2025-08-01 10:24:15,140 - ImprovedSemanticChunker - INFO - Chunk 7 (Score: 0.645): of continuous coverage after the date of inception of the first policy with us. This exclusion shall not be applicable for claims arising due to an ac...
2025-08-01 10:24:15,140 - ImprovedSemanticChunker - INFO - Chunk 8 (Score: 0.639): premium paid, under Section 80D of Income Tax Act 1961. Renewal The cover can be renewed annually till Exclusion 4.1 applies on diabetes and/or hypert...
2025-08-01 10:24:16,260 - ImprovedSemanticChunker - INFO - Final answer for question 9: AYUSH Treatment is covered up to the Sum Insured as a floater.
2025-08-01 10:24:16,261 - ImprovedSemanticChunker - INFO - Processing question 10: Are there any sub-limits on room rent and ICU charges for Plan A?
2025-08-01 10:24:16,564 - ImprovedSemanticChunker - INFO - Retrieved 8 chunks for question 10
2025-08-01 10:24:16,564 - ImprovedSemanticChunker - INFO - Chunk 1 (Score: 0.683): without any break. National Insurance Co. Ltd. Premises No. 18 -0374, Plot no. CBD -81, New Town, Kolkata - 700156 Page 5 of 25 National Parivar Medic...
2025-08-01 10:24:16,564 - ImprovedSemanticChunker - INFO - Chunk 2 (Score: 0.674): be up to the limit as shown in the Table of Benefits , for Plan A only . However, the limit shall not apply if the treatment is undergone for a listed...
2025-08-01 10:24:16,565 - ImprovedSemanticChunker - INFO - Chunk 3 (Score: 0.654): person) Up to 15% of SI or INR 60,000 whichever is lower Up to SI Up to SI Domiciliary Hospitalisation (as Floater) Up to INR 1,00,000 Up to INR 2,00,...
2025-08-01 10:24:16,565 - ImprovedSemanticChunker - INFO - Chunk 4 (Score: 0.638): Cessation of Cover 1 upon payment of the benefit amount on the occurrence of a critical illness the cover shall cease and no further claim shall be pa...
2025-08-01 10:24:16,565 - ImprovedSemanticChunker - INFO - Chunk 5 (Score: 0.635): otherapy Only cost of medicines payable under this limit, other incidental charges like investigations and consultation charges not payable. Immunothe...
2025-08-01 10:24:16,565 - ImprovedSemanticChunker - INFO - Chunk 6 (Score: 0.623): INR 2,000/ 3,000/ 4,000/ 5,000/ 10,000/ 15,000/ 20,000/ 25,000 in addition to the SI ***Critical Illness (per insured person in a policy year) Benefit...
2025-08-01 10:24:16,565 - ImprovedSemanticChunker - INFO - Chunk 7 (Score: 0.618): charge round the clock; iv. has a fully equipped operation theatre of its own where surgical procedures are carried out v. maintains daily records of ...
2025-08-01 10:24:16,565 - ImprovedSemanticChunker - INFO - Chunk 8 (Score: 0.614): subject to a co-payment of 22.5% c. Availing treatment in Zone II will be subject to a co-payment of 17.5% d. Availing treatment in Zone III will be s...
2025-08-01 10:24:17,488 - ImprovedSemanticChunker - INFO - Final answer for question 10: Yes, for Plan A, room charges and intensive care unit charges per day are payable up to the limit shown in the Table of Benefits, unless the treatment is for a listed procedure in a Preferred Provider Network (PPN) as a package.
2025-08-01 10:24:17,489 - ImprovedSemanticChunker - INFO - Processing complete
2025-08-01 10:24:17,489 - ImprovedSemanticChunker - INFO - Document URL: https://hackrx.blob.core.windows.net/assets/policy.pdf?sv=2023-01-03&st=2025-07-04T09%3A11%3A24Z&se=2027-07-05T09%3A11%3A00Z&sr=b&sp=r&sig=N4a9OU0w0QXO6AOIBiu4bpl7AXvEZogeT%2FjUHNO7HzQ%3D
2025-08-01 10:24:17,498 - ImprovedSemanticChunker - INFO - Total chunks: 65
2025-08-01 10:24:17,498 - ImprovedSemanticChunker - INFO - Total questions processed: 10
2025-08-01 10:24:17,502 - ImprovedSemanticChunker - INFO - Full results saved to logs/results_20250801_102417.json
2025-08-01 10:24:17,503 - ImprovedSemanticChunker - INFO - Starting processing of new payload
2025-08-01 10:24:17,503 - ImprovedSemanticChunker - INFO - Document URL: https://hackrx.blob.core.windows.net/assets/Arogya%20Sanjeevani%20Policy%20-%20CIN%20-%20U10200WB1906GOI001713%201.pdf?sv=2023-01-03&st=2025-07-21T08%3A29%3A02Z&se=2025-09-22T08%3A29%3A00Z&sr=b&sp=r&sig=nzrz1K9Iurt%2BBXom%2FB%2BMPTFMFP3PRnIvEsipAX10Ig4%3D
2025-08-01 10:24:17,503 - ImprovedSemanticChunker - INFO - Number of questions: 5
2025-08-01 10:24:20,800 - ImprovedSemanticChunker - INFO - Extracted 76283 characters from document
2025-08-01 10:24:20,819 - ImprovedSemanticChunker - INFO - Created 46 token-based chunks with 100 token overlap
2025-08-01 10:24:20,819 - ImprovedSemanticChunker - INFO - Sample chunk 1: National Insurance Co. Ltd. Regd. & Head Office: Premises No. 18 -0374, Plot no. CBD -81, New Town, ...
2025-08-01 10:24:20,819 - ImprovedSemanticChunker - INFO - Sample chunk 2: the plural; references to the m ale includes the female and references to any statutory enactment in...
2025-08-01 10:24:20,819 - ImprovedSemanticChunker - INFO - Sample chunk 3: of the following: a. Central or State Government AYUSH Hospital or b. Teaching hospital attached to ...
2025-08-01 10:26:14,283 - ImprovedSemanticChunker - INFO - Processing question 1: When will my root canal claim of Rs 25,000 be settled?
2025-08-01 10:26:14,601 - ImprovedSemanticChunker - INFO - Retrieved 8 chunks for question 1
2025-08-01 10:26:14,602 - ImprovedSemanticChunker - INFO - Chunk 1 (Score: 0.652): of receipt of last necessary document to the date of payment of claim at a rate 2% above the bank rate. iii. However, where the circumstances of a cla...
2025-08-01 10:26:14,602 - ImprovedSemanticChunker - INFO - Chunk 2 (Score: 0.648): liability is above Rs. 1 Lakh as per AML Guidelines xiii. Legal heir/succession certificate, wherever applicable xiv. Any other relevant document requ...
2025-08-01 10:26:14,602 - ImprovedSemanticChunker - INFO - Chunk 3 (Score: 0.643): days and 25 years may be covered, provided parent(s) is/are covered at the same time. Policy can be availed for Self and the following family members ...
2025-08-01 10:26:14,602 - ImprovedSemanticChunker - INFO - Chunk 4 (Score: 0.630): . Specified di sease/procedure waiting period (Excl 02) a) Expenses related to the treatment of the listed Conditions, surgeries/treatments shall be e...
2025-08-01 10:26:14,603 - ImprovedSemanticChunker - INFO - Chunk 5 (Score: 0.625): shall be a condition prece dent to any right of action or suit upon the policy that award by such arbitrator/arbitrators of the amount of expenses sha...
2025-08-01 10:26:14,603 - ImprovedSemanticChunker - INFO - Chunk 6 (Score: 0.623): - National UIN: NICHLIP25041V022425 7.19. Treatment taken outside the geographical limits of India 8. Moratorium Period: After completion of sixty con...
2025-08-01 10:26:14,603 - ImprovedSemanticChunker - INFO - Chunk 7 (Score: 0.619): on grounds of misrepresentation, non -disclosure of material facts or fraud . ii. The policyholder may cancel his/her policy at any time during the te...
2025-08-01 10:26:14,603 - ImprovedSemanticChunker - INFO - Chunk 8 (Score: 0.616): the claim documents to the Company / TPA for reimbursement processing . 9.1.2 Procedure for Reimbursement of Claims For reimbursement of claims the In...
2025-08-01 10:26:29,552 - backoff - INFO - Backing off send_request(...) for 0.8s (requests.exceptions.ReadTimeout: HTTPSConnectionPool(host='us.i.posthog.com', port=443): Read timed out. (read timeout=15))
2025-08-01 10:26:50,384 - urllib3.connectionpool - WARNING - Retrying (Retry(total=1, connect=1, read=2, redirect=None, status=None)) after connection broken by 'NameResolutionError("<urllib3.connection.HTTPSConnection object at 0x762c087413c0>: Failed to resolve 'us.i.posthog.com' ([Errno -3] Temporary failure in name resolution)")': /batch/
2025-08-01 10:27:10,404 - urllib3.connectionpool - WARNING - Retrying (Retry(total=0, connect=0, read=2, redirect=None, status=None)) after connection broken by 'NameResolutionError("<urllib3.connection.HTTPSConnection object at 0x762c08742380>: Failed to resolve 'us.i.posthog.com' ([Errno -3] Temporary failure in name resolution)")': /batch/
2025-08-01 10:27:46,123 - ImprovedSemanticChunker - INFO - Final answer for question 1: Information not found in the document.
2025-08-01 10:27:46,123 - ImprovedSemanticChunker - INFO - Processing question 2: I have done an IVF for Rs 56,000. Is it covered?
2025-08-01 10:27:46,374 - ImprovedSemanticChunker - INFO - Retrieved 8 chunks for question 2
2025-08-01 10:27:46,375 - ImprovedSemanticChunker - INFO - Chunk 1 (Score: 0.643): . However, in case of life threatening situations following an accident, expenses up to the stage of stabilization are payable but not the complete cl...
2025-08-01 10:27:46,375 - ImprovedSemanticChunker - INFO - Chunk 2 (Score: 0.642): schedule Pre Existing Disease Only PEDs declared in the Proposal Form and accepted for coverage by the Company shall be covered after a waiting period...
2025-08-01 10:27:46,375 - ImprovedSemanticChunker - INFO - Chunk 3 (Score: 0.640): , other incidental charges like investigations and consultation charges not payable. Immunotherapy Limit is for cost of injections only. Intravitreal ...
2025-08-01 10:27:46,376 - ImprovedSemanticChunker - INFO - Chunk 4 (Score: 0.639): days and 25 years may be covered, provided parent(s) is/are covered at the same time. Policy can be availed for Self and the following family members ...
2025-08-01 10:27:46,376 - ImprovedSemanticChunker - INFO - Chunk 5 (Score: 0.638): , Yoga and Naturopathy, Unani, Sidha and Homeopathy systems of medicines during each Policy Period up to the limit of sum insured as specified in the ...
2025-08-01 10:27:46,377 - ImprovedSemanticChunker - INFO - Chunk 6 (Score: 0.634): under. 9.7. Payment of Claim All claims under the po licy shall be payable in Indian currency and through NEFT/ RTGS only . 10. GENERAL TERMS & CONDIT...
2025-08-01 10:27:46,377 - ImprovedSemanticChunker - INFO - Chunk 7 (Score: 0.631): . 6. WAITING PERIOD The Company shall not be liable to make any payment under the policy in connection with or in respect of following expenses till t...
2025-08-01 10:27:46,378 - ImprovedSemanticChunker - INFO - Chunk 8 (Score: 0.622): of the following: a. Central or State Government AYUSH Hospital or b. Teaching hospital attached to AYUSH College recognized by the Central Government...
2025-08-01 10:27:47,659 - ImprovedSemanticChunker - INFO - Final answer for question 2: No, expenses related to assisted reproduction services including advanced reproductive technologies such as IVF are not covered.
2025-08-01 10:27:47,660 - ImprovedSemanticChunker - INFO - Processing question 3: I did a cataract treatment of Rs 100,000. Will you settle full?
2025-08-01 10:27:47,922 - ImprovedSemanticChunker - INFO - Retrieved 8 chunks for question 3
2025-08-01 10:27:47,922 - ImprovedSemanticChunker - INFO - Chunk 1 (Score: 0.670): , Yoga and Naturopathy, Unani, Sidha and Homeopathy systems of medicines during each Policy Period up to the limit of sum insured as specified in the ...
2025-08-01 10:27:47,922 - ImprovedSemanticChunker - INFO - Chunk 2 (Score: 0.632): subject to maximum of Rs. 10 ,000/- per day iii. Surgeon, Anesthetist , Medical Practitioner, Consultants, Specialist Fees whether paid directly to th...
2025-08-01 10:27:47,922 - ImprovedSemanticChunker - INFO - Chunk 3 (Score: 0.607): , other incidental charges like investigations and consultation charges not payable. Immunotherapy Limit is for cost of injections only. Intravitreal ...
2025-08-01 10:27:47,923 - ImprovedSemanticChunker - INFO - Chunk 4 (Score: 0.596): . However, in case of life threatening situations following an accident, expenses up to the stage of stabilization are payable but not the complete cl...
2025-08-01 10:27:47,923 - ImprovedSemanticChunker - INFO - Chunk 5 (Score: 0.578): days and 25 years may be covered, provided parent(s) is/are covered at the same time. Policy can be availed for Self and the following family members ...
2025-08-01 10:27:47,923 - ImprovedSemanticChunker - INFO - Chunk 6 (Score: 0.568): Head Office: Premises No. 18 -0374, Plot no. CBD -81, New Town, Kolkata - 700156 Page 11 of 16 Arogya Sanjeevani Policy - National UIN: NICHLIP25041V0...
2025-08-01 10:27:47,923 - ImprovedSemanticChunker - INFO - Chunk 7 (Score: 0.566): - National UIN: NICHLIP25041V022425 7.19. Treatment taken outside the geographical limits of India 8. Moratorium Period: After completion of sixty con...
2025-08-01 10:27:47,923 - ImprovedSemanticChunker - INFO - Chunk 8 (Score: 0.564): of the following: a. Central or State Government AYUSH Hospital or b. Teaching hospital attached to AYUSH College recognized by the Central Government...
2025-08-01 10:27:48,968 - ImprovedSemanticChunker - INFO - Final answer for question 3: No, the settlement will be the lower of 25% of the Sum Insured or INR 40,000 per eye, per policy period.
2025-08-01 10:27:48,968 - ImprovedSemanticChunker - INFO - Processing question 4: Give me a list of documents to be uploaded for hospitalization due to heart surgery.
2025-08-01 10:27:49,190 - ImprovedSemanticChunker - INFO - Retrieved 8 chunks for question 4
2025-08-01 10:27:49,191 - ImprovedSemanticChunker - INFO - Chunk 1 (Score: 0.644): ANY KIT WITH NO DETAILS MENTIONED [DELIVERY KIT, ORTHOKIT, RECOVERY KIT, ETC] 59 KIDNEY TRAY 60 MASK 61 OUNCE GLASS 62 OXYGEN MASK 63 PELVIC TRACTION ...
2025-08-01 10:27:49,191 - ImprovedSemanticChunker - INFO - Chunk 2 (Score: 0.625): the claim documents to the Company / TPA for reimbursement processing . 9.1.2 Procedure for Reimbursement of Claims For reimbursement of claims the In...
2025-08-01 10:27:49,191 - ImprovedSemanticChunker - INFO - Chunk 3 (Score: 0.592): system, Gall Bladder and Bile duct, excluding malignancy. 19. Varicose Veins and Varicose Ulcers 20. Internal Congenital Anomalies ii. 36 Months waiti...
2025-08-01 10:27:49,191 - ImprovedSemanticChunker - INFO - Chunk 4 (Score: 0.589): Procedure means manual and / or operative procedure (s) required for treatment of an illness or injury, correction of deformities and defects, diagnos...
2025-08-01 10:27:49,191 - ImprovedSemanticChunker - INFO - Chunk 5 (Score: 0.584): because of technological advancement, and ii. which would have otherwise required a hospitalisation of more than twenty four hours. Treatment normally...
2025-08-01 10:27:49,191 - ImprovedSemanticChunker - INFO - Chunk 6 (Score: 0.584): . However, in case of life threatening situations following an accident, expenses up to the stage of stabilization are payable but not the complete cl...
2025-08-01 10:27:49,191 - ImprovedSemanticChunker - INFO - Chunk 7 (Score: 0.575): METER CHARGES List III – Items that are to be subsumed into Procedure Charges Sl Item 1 HAIR REMOVAL CREAM 2 DISPOSABLES RAZORS CHARGES (for site prep...
2025-08-01 10:27:49,191 - ImprovedSemanticChunker - INFO - Chunk 8 (Score: 0.574): subject to maximum of Rs. 10 ,000/- per day iii. Surgeon, Anesthetist , Medical Practitioner, Consultants, Specialist Fees whether paid directly to th...
2025-08-01 10:27:50,334 - ImprovedSemanticChunker - INFO - Final answer for question 4: Information not found in the document
2025-08-01 10:27:50,335 - ImprovedSemanticChunker - INFO - Processing question 5: I have raised a claim for hospitalization for Rs 25,000. What will I get?
2025-08-01 10:27:50,644 - ImprovedSemanticChunker - INFO - Retrieved 8 chunks for question 5
2025-08-01 10:27:50,644 - ImprovedSemanticChunker - INFO - Chunk 1 (Score: 0.693): days and 25 years may be covered, provided parent(s) is/are covered at the same time. Policy can be availed for Self and the following family members ...
2025-08-01 10:27:50,644 - ImprovedSemanticChunker - INFO - Chunk 2 (Score: 0.649): schedule Pre Existing Disease Only PEDs declared in the Proposal Form and accepted for coverage by the Company shall be covered after a waiting period...
2025-08-01 10:27:50,645 - ImprovedSemanticChunker - INFO - Chunk 3 (Score: 0.648): , Yoga and Naturopathy, Unani, Sidha and Homeopathy systems of medicines during each Policy Period up to the limit of sum insured as specified in the ...
2025-08-01 10:27:50,645 - ImprovedSemanticChunker - INFO - Chunk 4 (Score: 0.642): the claim documents to the Company / TPA for reimbursement processing . 9.1.2 Procedure for Reimbursement of Claims For reimbursement of claims the In...
2025-08-01 10:27:50,645 - ImprovedSemanticChunker - INFO - Chunk 5 (Score: 0.639): under. 9.7. Payment of Claim All claims under the po licy shall be payable in Indian currency and through NEFT/ RTGS only . 10. GENERAL TERMS & CONDIT...
2025-08-01 10:27:50,645 - ImprovedSemanticChunker - INFO - Chunk 6 (Score: 0.634): because of technological advancement, and ii. which would have otherwise required a hospitalisation of more than twenty four hours. Treatment normally...
2025-08-01 10:27:50,645 - ImprovedSemanticChunker - INFO - Chunk 7 (Score: 0.634): subject to maximum of Rs. 10 ,000/- per day iii. Surgeon, Anesthetist , Medical Practitioner, Consultants, Specialist Fees whether paid directly to th...
2025-08-01 10:27:50,645 - ImprovedSemanticChunker - INFO - Chunk 8 (Score: 0.633): shall be a condition prece dent to any right of action or suit upon the policy that award by such arbitrator/arbitrators of the amount of expenses sha...
2025-08-01 10:27:51,653 - ImprovedSemanticChunker - INFO - Final answer for question 5: Yes, you will receive Rs 23,750 as a 5% co-pay of Rs 1,250 will be deducted from your Rs 25,000 hospitalization claim, provided your age is 75 years or less.
2025-08-01 10:27:51,653 - ImprovedSemanticChunker - INFO - Processing complete
2025-08-01 10:27:51,653 - ImprovedSemanticChunker - INFO - Document URL: https://hackrx.blob.core.windows.net/assets/Arogya%20Sanjeevani%20Policy%20-%20CIN%20-%20U10200WB1906GOI001713%201.pdf?sv=2023-01-03&st=2025-07-21T08%3A29%3A02Z&se=2025-09-22T08%3A29%3A00Z&sr=b&sp=r&sig=nzrz1K9Iurt%2BBXom%2FB%2BMPTFMFP3PRnIvEsipAX10Ig4%3D
2025-08-01 10:27:51,653 - ImprovedSemanticChunker - INFO - Total chunks: 46
2025-08-01 10:27:51,653 - ImprovedSemanticChunker - INFO - Total questions processed: 5
2025-08-01 10:27:51,655 - ImprovedSemanticChunker - INFO - Full results saved to logs/results_20250801_102751.json
2025-08-01 10:27:51,656 - ImprovedSemanticChunker - INFO - Starting processing of new payload
2025-08-01 10:27:51,656 - ImprovedSemanticChunker - INFO - Document URL: https://hackrx.blob.core.windows.net/assets/Super_Splendor_(Feb_2023).pdf?sv=2023-01-03&st=2025-07-21T08%3A10%3A00Z&se=2025-09-22T08%3A10%3A00Z&sr=b&sp=r&sig=vhHrl63YtrEOCsAy%2BpVKr20b3ZUo5HMz1lF9%2BJh6LQ0%3D
2025-08-01 10:27:51,656 - ImprovedSemanticChunker - INFO - Number of questions: 5
2025-08-01 10:28:17,829 - ImprovedSemanticChunker - INFO - Extracted 114467 characters from document
2025-08-01 10:28:17,845 - ImprovedSemanticChunker - INFO - Created 70 token-based chunks with 100 token overlap
2025-08-01 10:28:17,845 - ImprovedSemanticChunker - INFO - Sample chunk 1: PREFACE We at are committed to demonstrate excellence in our environment Hero MotoCorp , performance...
2025-08-01 10:28:17,845 - ImprovedSemanticChunker - INFO - Sample chunk 2: IFICATIONS AND OTHER CONTENTS COVERED IN THIS OWNER'S MANUAL ARE BASED ON THE LATEST PRODUCT INFORMA...
2025-08-01 10:28:17,845 - ImprovedSemanticChunker - INFO - Sample chunk 3: NS 71 HERO GENUINE PARTSPOLISHING OF VEHICLE 67SUSPENSION 55DRIVE CHAIN SLIDER INSPECTION 50ENGINE O...
2025-08-01 10:31:09,838 - ImprovedSemanticChunker - INFO - Processing question 1: What is the ideal spark plug gap recommended?
2025-08-01 10:31:10,084 - ImprovedSemanticChunker - INFO - Retrieved 8 chunks for question 1
2025-08-01 10:31:10,085 - ImprovedSemanticChunker - INFO - Chunk 1 (Score: 0.747): • M ake sure that the spark plug gap is 0. 8 -0. 9 mm using a wire-type feeler gauge. If adjustment is necessary, bend the side electrode carefully . ...
2025-08-01 10:31:10,085 - ImprovedSemanticChunker - INFO - Chunk 2 (Score: 0.695): , A I, A I, A I, A I, A I, A Headlamp Focus I, A I, A I, A I, A I, A I, A Nut, Bolts & Fasteners I I I I I I Wheel s/Tyres I I I I I I Steering Head B...
2025-08-01 10:31:10,085 - ImprovedSemanticChunker - INFO - Chunk 3 (Score: 0.616): made when the piston is at top dead center and both the inlet and exhaust valves are closed. sprocket 360° clockwise and realign the 'T' mark with the...
2025-08-01 10:31:10,085 - ImprovedSemanticChunker - INFO - Chunk 4 (Score: 0.606): with its gasket (2) by removing bolts (3). Ÿ Remove the engine breather pipe (4) by removing the clip (5). Ÿ Remove the cylinder head cover (6) with i...
2025-08-01 10:31:10,085 - ImprovedSemanticChunker - INFO - Chunk 5 (Score: 0.602): 00DAYS KM Note-1 500- 750 3000 Next 100 Next 100 Next 1001st 60 Next 100 I Throttle Operation I, A I, A I, A I, A I, A I, A Air Cleaner Element Spark ...
2025-08-01 10:31:10,085 - ImprovedSemanticChunker - INFO - Chunk 6 (Score: 0.585): 4) Spare fuse: 15A , 10A2 4 3 7 9 65 CAUTION ! ! • Turn the ignition switch "OFF" before checking or replacing the fuse to prevent accidental short-ci...
2025-08-01 10:31:10,085 - ImprovedSemanticChunker - INFO - Chunk 7 (Score: 0.584): nut (6) until a gap is created between joint (7) and the slot on the first side in integrated brake arm. • After ensuring the gap, turn the second adj...
2025-08-01 10:31:10,085 - ImprovedSemanticChunker - INFO - Chunk 8 (Score: 0.581): the clutch cable free play, if required (page 46) . crankcase cover, kick starter pedal, rider footrest assembly with side stand, exhaust muffler and ...
2025-08-01 10:31:11,395 - ImprovedSemanticChunker - INFO - Final answer for question 1: Yes, the ideal spark plug gap recommended is 0.8 - 0.9 mm.
2025-08-01 10:31:11,395 - ImprovedSemanticChunker - INFO - Processing question 2: Does this come in tubeless tyre version?
2025-08-01 10:31:11,657 - ImprovedSemanticChunker - INFO - Retrieved 8 chunks for question 2
2025-08-01 10:31:11,657 - ImprovedSemanticChunker - INFO - Chunk 1 (Score: 0.658): limits than a new tyre. After an emergency repair, always have the tyre inspected/replaced at our authorised dealer and replace the tyre if suggested....
2025-08-01 10:31:11,657 - ImprovedSemanticChunker - INFO - Chunk 2 (Score: 0.623): is not bent. (1) Main stand (2) Side stand (3) Side stand pivot bolt (4) Rear brake pedal/Main stand pivot 2.2 kgf-m Brake stopper arm nut torque: • A...
2025-08-01 10:31:11,657 - ImprovedSemanticChunker - INFO - Chunk 3 (Score: 0.610): 2.00 kgf/cm(29 psi)2 1.75 kgf/cm(25 psi) 2 2.30 kgf/cm(33 psi)Rider only Rider and Pillion Over inflation/Under inflation will affect the performance....
2025-08-01 10:31:11,657 - ImprovedSemanticChunker - INFO - Chunk 4 (Score: 0.539): just free play of rear brake pedalCloggedLoose3. POOR PICK UP OkCheck tyre inflation pressureUnder inflatedCorrect tyre pressure Consult Authorised He...
2025-08-01 10:31:11,657 - ImprovedSemanticChunker - INFO - Chunk 5 (Score: 0.526): IFICATIONS AND OTHER CONTENTS COVERED IN THIS OWNER'S MANUAL ARE BASED ON THE LATEST PRODUCT INFORMATION AVAILABLE AT THE TIME OF ITS PUBLISHING APPRO...
2025-08-01 10:31:11,657 - ImprovedSemanticChunker - INFO - Chunk 6 (Score: 0.525): ICLE SPECIFICATIONSPECIFICATIONS ITEM *MF stands for Maintenance Free**MFR stands for Multi-Focal ReflectorSide stand indicatori3s indicator Fuse15A, ...
2025-08-01 10:31:11,657 - ImprovedSemanticChunker - INFO - Chunk 7 (Score: 0.521): the necessary rectification. The manufacturer or the dealer is not responsible for any penalty levied on you on account of non-compliance with the emi...
2025-08-01 10:31:11,658 - ImprovedSemanticChunker - INFO - Chunk 8 (Score: 0.519): could slip on the rim and cause the tyre to rapidly deflate. • Check that all chassis nuts and bolts are tightened to correct torque values. • Check t...
2025-08-01 10:31:13,068 - ImprovedSemanticChunker - INFO - Final answer for question 2: Yes, the vehicle is fitted with TUBELESS tyres, specifically 80/100-18 47P for the front and 90/90-18 51P for the rear.
2025-08-01 10:31:13,068 - ImprovedSemanticChunker - INFO - Processing question 3: Is it compulsory to have a disc brake?
2025-08-01 10:31:13,318 - ImprovedSemanticChunker - INFO - Retrieved 8 chunks for question 3
2025-08-01 10:31:13,318 - ImprovedSemanticChunker - INFO - Chunk 1 (Score: 0.633): . For replacement, visit your Authorised Hero MotoCorp workshop. (1) Drive chain slider (2) Wear limit CUT-OUT 2 1 51 (1) "MIN" mark BRAKES Brakes are...
2025-08-01 10:31:13,318 - ImprovedSemanticChunker - INFO - Chunk 2 (Score: 0.619): overheat the brakes and reduce their effectiveness. • When riding in wet or rainy conditions, or on loose surfaces, apply front brake carefully after ...
2025-08-01 10:31:13,318 - ImprovedSemanticChunker - INFO - Chunk 3 (Score: 0.608): just free play of rear brake pedalCloggedLoose3. POOR PICK UP OkCheck tyre inflation pressureUnder inflatedCorrect tyre pressure Consult Authorised He...
2025-08-01 10:31:13,318 - ImprovedSemanticChunker - INFO - Chunk 4 (Score: 0.596): bottom of the groove. (c) Brake pad wear (Disc variant) Brake pad wear depends upon the severity of usage, the type of riding & road conditions. Gener...
2025-08-01 10:31:13,318 - ImprovedSemanticChunker - INFO - Chunk 5 (Score: 0.590): limits than a new tyre. After an emergency repair, always have the tyre inspected/replaced at our authorised dealer and replace the tyre if suggested....
2025-08-01 10:31:13,318 - ImprovedSemanticChunker - INFO - Chunk 6 (Score: 0.583): . We also recommend that you wear eye protection, sturdy boots, gloves and other protective gear.Before riding your vehicleMake sure that you are phys...
2025-08-01 10:31:13,319 - ImprovedSemanticChunker - INFO - Chunk 7 (Score: 0.578): the necessary rectification. The manufacturer or the dealer is not responsible for any penalty levied on you on account of non-compliance with the emi...
2025-08-01 10:31:13,319 - ImprovedSemanticChunker - INFO - Chunk 8 (Score: 0.578): variant) 1 CAUTION ! ! Do not operate front brake lever when the wheel is removed. (1) Axle nut (2) Axle (3) Wheel (4) Side collar 1 4 Ÿ Remove the si...
2025-08-01 10:31:14,428 - ImprovedSemanticChunker - INFO - Final answer for question 3: Information not found in the document
2025-08-01 10:31:14,429 - ImprovedSemanticChunker - INFO - Processing question 4: Can I put Thums Up instead of oil?
2025-08-01 10:31:14,678 - ImprovedSemanticChunker - INFO - Retrieved 8 chunks for question 4
2025-08-01 10:31:14,678 - ImprovedSemanticChunker - INFO - Chunk 1 (Score: 0.582): Use only nonflammable solvent , not petrol, to clean parts. Keep cigarettes, sparks and flames away from the battery and all fuel-related parts.•To he...
2025-08-01 10:31:14,678 - ImprovedSemanticChunker - INFO - Chunk 2 (Score: 0.568): ) position and press the electric starter switch (with transmission in neutral and side stand is down). FUEL (a) Fuel tank Fuel tank capacity is 12 li...
2025-08-01 10:31:14,678 - ImprovedSemanticChunker - INFO - Chunk 3 (Score: 0.566): W 30 SL Grade (JASO MA2). • Bharat Petroleum Corporation Limited. OIL CAPACITY: 0.95 litre (disassembly) : 0.75 litre (at oil change) Engine oil level...
2025-08-01 10:31:14,679 - ImprovedSemanticChunker - INFO - Chunk 4 (Score: 0.563): ytic converter acts on HC, CO and NOx. The catalytic converter must operate at a high temperature for the chemical reactions to take place. It can set...
2025-08-01 10:31:14,679 - ImprovedSemanticChunker - INFO - Chunk 5 (Score: 0.560): oil level. • Make sure that oil level is at the “ UPPER ” level mark of the oil level dipstick with the vehicle in an upright position and that there ...
2025-08-01 10:31:14,679 - ImprovedSemanticChunker - INFO - Chunk 6 (Score: 0.557): the clutch cable free play, if required (page 46) . crankcase cover, kick starter pedal, rider footrest assembly with side stand, exhaust muffler and ...
2025-08-01 10:31:14,680 - ImprovedSemanticChunker - INFO - Chunk 7 (Score: 0.553): s or is involved in a crash, be sure that you visit your Authorised Hero MotoCorp workshop for detailed inspections.I mportance of maintenanceThe firs...
2025-08-01 10:31:14,680 - ImprovedSemanticChunker - INFO - Chunk 8 (Score: 0.542): overheat the brakes and reduce their effectiveness. • When riding in wet or rainy conditions, or on loose surfaces, apply front brake carefully after ...
2025-08-01 10:31:16,205 - ImprovedSemanticChunker - INFO - Final answer for question 4: No, the document recommends using Hero 4T plus oil and explicitly states that non-detergent, vegetable, or castor-based racing oils are not recommended.
2025-08-01 10:31:16,205 - ImprovedSemanticChunker - INFO - Processing question 5: Give me JS code to generate a random number between 1 and 100
2025-08-01 10:31:16,508 - ImprovedSemanticChunker - INFO - Retrieved 8 chunks for question 5
2025-08-01 10:31:16,508 - ImprovedSemanticChunker - INFO - Chunk 1 (Score: 0.533): 00DAYS KM Note-1 500- 750 3000 Next 100 Next 100 Next 1001st 60 Next 100 I Throttle Operation I, A I, A I, A I, A I, A I, A Air Cleaner Element Spark ...
2025-08-01 10:31:16,508 - ImprovedSemanticChunker - INFO - Chunk 2 (Score: 0.473): just free play of rear brake pedalCloggedLoose3. POOR PICK UP OkCheck tyre inflation pressureUnder inflatedCorrect tyre pressure Consult Authorised He...
2025-08-01 10:31:16,508 - ImprovedSemanticChunker - INFO - Chunk 3 (Score: 0.467): clock (1) shows hour and minute. To adjust the time, proceed as follows : (1) Digital clock (2) Set button (3) Mode button12 •Press the mode button (3...
2025-08-01 10:31:16,508 - ImprovedSemanticChunker - INFO - Chunk 4 (Score: 0.462): temperature reaches more than 55°C. Turn the ignition key to “ON” ( ) position. The i3s indicator on the speedometer console will glow for 2 seconds a...
2025-08-01 10:31:16,508 - ImprovedSemanticChunker - INFO - Chunk 5 (Score: 0.460): ICLE SPECIFICATIONSPECIFICATIONS ITEM *MF stands for Maintenance Free**MFR stands for Multi-Focal ReflectorSide stand indicatori3s indicator Fuse15A, ...
2025-08-01 10:31:16,508 - ImprovedSemanticChunker - INFO - Chunk 6 (Score: 0.457): not stall, and vehicle does not creep. Gradually release the clutch lever and open the throttle. The vehicle should start smoothly and accelerate. • T...
2025-08-01 10:31:16,508 - ImprovedSemanticChunker - INFO - Chunk 7 (Score: 0.456): l40km/h FFF EEE pmTRIPS M am00:000.3 (1) Tripmeter (2) Set button (3) Mode button1 32 When the ignition switch is turned “ON” ( ) position, the real t...
2025-08-01 10:31:16,508 - ImprovedSemanticChunker - INFO - Chunk 8 (Score: 0.456): 11 Digital clock Indicates hours & minutes (page 15). 7 It indicates the current mileage of the vehicle (in km/litre). The indication will change afte...
2025-08-01 10:31:17,342 - ImprovedSemanticChunker - INFO - Final answer for question 5: Information not found in the document
2025-08-01 10:31:17,342 - ImprovedSemanticChunker - INFO - Processing complete
2025-08-01 10:31:17,342 - ImprovedSemanticChunker - INFO - Document URL: https://hackrx.blob.core.windows.net/assets/Super_Splendor_(Feb_2023).pdf?sv=2023-01-03&st=2025-07-21T08%3A10%3A00Z&se=2025-09-22T08%3A10%3A00Z&sr=b&sp=r&sig=vhHrl63YtrEOCsAy%2BpVKr20b3ZUo5HMz1lF9%2BJh6LQ0%3D
2025-08-01 10:31:17,342 - ImprovedSemanticChunker - INFO - Total chunks: 70
2025-08-01 10:31:17,342 - ImprovedSemanticChunker - INFO - Total questions processed: 5
2025-08-01 10:31:17,343 - ImprovedSemanticChunker - INFO - Full results saved to logs/results_20250801_103117.json
2025-08-01 10:31:17,343 - ImprovedSemanticChunker - INFO - Starting processing of new payload
2025-08-01 10:31:17,343 - ImprovedSemanticChunker - INFO - Document URL: https://hackrx.blob.core.windows.net/assets/Family%20Medicare%20Policy%20(UIN-%20UIIHLIP22070V042122)%201.pdf?sv=2023-01-03&st=2025-07-22T10%3A17%3A39Z&se=2025-08-23T10%3A17%3A00Z&sr=b&sp=r&sig=dA7BEMIZg3WcePcckBOb4QjfxK%2B4rIfxBs2%2F%2BNwoPjQ%3D
2025-08-01 10:31:17,343 - ImprovedSemanticChunker - INFO - Number of questions: 3
2025-08-01 10:31:21,836 - ImprovedSemanticChunker - INFO - Extracted 97094 characters from document
2025-08-01 10:31:21,870 - ImprovedSemanticChunker - INFO - Created 58 token-based chunks with 100 token overlap
2025-08-01 10:31:21,870 - ImprovedSemanticChunker - INFO - Sample chunk 1: United India Insurance Company Limited Corporate Identity Number: U93090TN1938GOI000108 Registered O...
2025-08-01 10:31:21,870 - ImprovedSemanticChunker - INFO - Sample chunk 2: ater basis, the Sum Insured limit is shared by the whole family of the Ins ured as specified in the ...
2025-08-01 10:31:21,870 - ImprovedSemanticChunker - INFO - Sample chunk 3: bear a specified percentage of the admissible claims amount. A co - payment does not reduce the Sum ...
2025-08-01 10:33:44,448 - ImprovedSemanticChunker - INFO - Processing question 1: Is Non-infective Arthritis covered?
2025-08-01 10:33:44,651 - ImprovedSemanticChunker - INFO - Retrieved 8 chunks for question 1
2025-08-01 10:33:44,651 - ImprovedSemanticChunker - INFO - Chunk 1 (Score: 0.591): ometric therapy; b) cochlear implants unless necessitated by an Accident or required intra -operatively. 24. Dental treatment or surgery of any kind u...
2025-08-01 10:33:44,651 - ImprovedSemanticChunker - INFO - Chunk 2 (Score: 0.582): . In case of the policy on floater basis, if a claim is made by any of the I nsured Persons, the health check -up benefits will not be available under...
2025-08-01 10:33:44,651 - ImprovedSemanticChunker - INFO - Chunk 3 (Score: 0.579): the TPA mentioned in the schedule and is subject to amendment from time to time. 28. NEW BORN BABY means baby born during the Policy Period and is age...
2025-08-01 10:33:44,651 - ImprovedSemanticChunker - INFO - Chunk 4 (Score: 0.578): 600014 IRDAI REG NO.545 Family Medicare Policy Wordings UIN: UIIHLIP22070V042122 29 ANNEXURE – 1 FAMILY MEDICARE POLICY List of Non -Medical Expenses ...
2025-08-01 10:33:44,651 - ImprovedSemanticChunker - INFO - Chunk 5 (Score: 0.577): cover the In -patient Hospitalization Medical Expenses incurred for an organ donor’s treatment during the Policy Period for the harvesting of the orga...
2025-08-01 10:33:44,651 - ImprovedSemanticChunker - INFO - Chunk 6 (Score: 0.577): disease/procedure falls under the waiting period specified for pre -Existing diseases, then the longer of the two waiting periods shall apply. d. The ...
2025-08-01 10:33:44,651 - ImprovedSemanticChunker - INFO - Chunk 7 (Score: 0.574): per policy period G Robotic Surgeries (including Robotic Assisted Surgeries) • Upto 75% of Sum Insured per policy period for claims involving Robotic ...
2025-08-01 10:33:44,651 - ImprovedSemanticChunker - INFO - Chunk 8 (Score: 0.574): where differential billing is not adopted based on the room category. b. No payment shall be made under 1 .C other than as part of the hospitalisation...
2025-08-01 10:33:45,697 - ImprovedSemanticChunker - INFO - Final answer for question 1: Yes, Non-infective Arthritis is covered, but it is subject to a two-year waiting period.
2025-08-01 10:33:45,698 - ImprovedSemanticChunker - INFO - Processing question 2: I renewed my policy yesterday, and I have been a customer for 2 years. Is Hydrocele claimable?
2025-08-01 10:33:46,020 - ImprovedSemanticChunker - INFO - Retrieved 8 chunks for question 2
2025-08-01 10:33:46,020 - ImprovedSemanticChunker - INFO - Chunk 1 (Score: 0.648): . In case of the policy on floater basis, if a claim is made by any of the I nsured Persons, the health check -up benefits will not be available under...
2025-08-01 10:33:46,020 - ImprovedSemanticChunker - INFO - Chunk 2 (Score: 0.642): exhausted completely or partially due to claims made and paid/ accepted as payable during the Policy Year, then it is agreed that a Restore Sum Insure...
2025-08-01 10:33:46,020 - ImprovedSemanticChunker - INFO - Chunk 3 (Score: 0.642): without any lapses under any health insurance policy with an Indian General/Health Insurer, the proposed Insured Person will get the accrued continuit...
2025-08-01 10:33:46,020 - ImprovedSemanticChunker - INFO - Chunk 4 (Score: 0.633): been maintained without a break. 11. Possibility of Revision of Terms of the Policy including the Premium Rates : The Company, with prior approval of ...
2025-08-01 10:33:46,021 - ImprovedSemanticChunker - INFO - Chunk 5 (Score: 0.630): bitrators of the amount of the loss or damage shall be first obtained. 22. Limitation : If a claim is declined and within 12 calendar months from such...
2025-08-01 10:33:46,021 - ImprovedSemanticChunker - INFO - Chunk 6 (Score: 0.628): UM TO BE REFUNDED Upto one month 3/4th of the annual rate >one month and upto three months 1/2 of the annual rate >three months and upto six months 1/...
2025-08-01 10:33:46,021 - ImprovedSemanticChunker - INFO - Chunk 7 (Score: 0.622): the TPA mentioned in the schedule and is subject to amendment from time to time. 28. NEW BORN BABY means baby born during the Policy Period and is age...
2025-08-01 10:33:46,021 - ImprovedSemanticChunker - INFO - Chunk 8 (Score: 0.618): per policy period G Robotic Surgeries (including Robotic Assisted Surgeries) • Upto 75% of Sum Insured per policy period for claims involving Robotic ...
2025-08-01 10:33:47,122 - ImprovedSemanticChunker - INFO - Final answer for question 2: Information not found in the document
2025-08-01 10:33:47,122 - ImprovedSemanticChunker - INFO - Processing question 3: Is abortion covered?
2025-08-01 10:33:47,315 - ImprovedSemanticChunker - INFO - Retrieved 8 chunks for question 3
2025-08-01 10:33:47,315 - ImprovedSemanticChunker - INFO - Chunk 1 (Score: 0.636): . Surrogate or vicarious pregnancy is not covered. iii. Expenses incurred in connection with voluntary medical terminati on of pregnancy during the fi...
2025-08-01 10:33:47,315 - ImprovedSemanticChunker - INFO - Chunk 2 (Score: 0.635): Lacs, and available only to the Insured or his spouse, provided that: i. Family Medicare Policy with this optional cover has been continuously in forc...
2025-08-01 10:33:47,315 - ImprovedSemanticChunker - INFO - Chunk 3 (Score: 0.593): cover the In -patient Hospitalization Medical Expenses incurred for an organ donor’s treatment during the Policy Period for the harvesting of the orga...
2025-08-01 10:33:47,315 - ImprovedSemanticChunker - INFO - Chunk 4 (Score: 0.571): cl18): a. Medical treatment expenses traceable to childbirth (including complicated deliveries and caesarean sections incurred during hospitalisation)...
2025-08-01 10:33:47,315 - ImprovedSemanticChunker - INFO - Chunk 5 (Score: 0.562): . In case of the policy on floater basis, if a claim is made by any of the I nsured Persons, the health check -up benefits will not be available under...
2025-08-01 10:33:47,315 - ImprovedSemanticChunker - INFO - Chunk 6 (Score: 0.555): exhausted completely or partially due to claims made and paid/ accepted as payable during the Policy Year, then it is agreed that a Restore Sum Insure...
2025-08-01 10:33:47,315 - ImprovedSemanticChunker - INFO - Chunk 7 (Score: 0.554): the extent of cover United India Insurance Company Limited Corporate Identity Number: U93090TN1938GOI000108 Registered Office: 24 Whites Road, Chennai...
2025-08-01 10:33:47,315 - ImprovedSemanticChunker - INFO - Chunk 8 (Score: 0.551): where differential billing is not adopted based on the room category. b. No payment shall be made under 1 .C other than as part of the hospitalisation...
2025-08-01 10:33:48,451 - ImprovedSemanticChunker - INFO - Final answer for question 3: No, expenses incurred in connection with voluntary medical termination of pregnancy during the first twelve weeks from the date of conception are not covered.
2025-08-01 10:33:48,451 - ImprovedSemanticChunker - INFO - Processing complete
2025-08-01 10:33:48,452 - ImprovedSemanticChunker - INFO - Document URL: https://hackrx.blob.core.windows.net/assets/Family%20Medicare%20Policy%20(UIN-%20UIIHLIP22070V042122)%201.pdf?sv=2023-01-03&st=2025-07-22T10%3A17%3A39Z&se=2025-08-23T10%3A17%3A00Z&sr=b&sp=r&sig=dA7BEMIZg3WcePcckBOb4QjfxK%2B4rIfxBs2%2F%2BNwoPjQ%3D
2025-08-01 10:33:48,452 - ImprovedSemanticChunker - INFO - Total chunks: 58
2025-08-01 10:33:48,452 - ImprovedSemanticChunker - INFO - Total questions processed: 3
2025-08-01 10:33:48,454 - ImprovedSemanticChunker - INFO - Full results saved to logs/results_20250801_103348.json
2025-08-01 10:33:48,455 - ImprovedSemanticChunker - INFO - Starting processing of new payload
2025-08-01 10:33:48,455 - ImprovedSemanticChunker - INFO - Document URL: https://hackrx.blob.core.windows.net/assets/indian_constitution.pdf?sv=2023-01-03&st=2025-07-28T06%3A42%3A00Z&se=2026-11-29T06%3A42%3A00Z&sr=b&sp=r&sig=5Gs%2FOXqP3zY00lgciu4BZjDV5QjTDIx7fgnfdz6Pu24%3D
2025-08-01 10:33:48,455 - ImprovedSemanticChunker - INFO - Number of questions: 10
2025-08-01 10:34:07,741 - ImprovedSemanticChunker - INFO - Extracted 854198 characters from document
2025-08-01 10:34:07,853 - ImprovedSemanticChunker - INFO - Created 509 token-based chunks with 100 token overlap
2025-08-01 10:34:07,853 - ImprovedSemanticChunker - INFO - Sample chunk 1: £ÉÉ®iÉ BÉEÉ ºÉÆÉÊ´ÉvÉÉxÉ [1, 2024 ] THE CONSTITUTION OF INDIA [As on 1stMay, 2024] 2024 GOVERNMENT O...
2025-08-01 10:34:07,853 - ImprovedSemanticChunker - INFO - Sample chunk 2: CONTENTS __________ PREAMBLE PART I THE UNION AND ITS TERRITORY ARTICLES 1. Name and territory of th...
2025-08-01 10:34:07,853 - ImprovedSemanticChunker - INFO - Sample chunk 3: . Right to Freedom of Religion 25. Freedom of conscience and free profession, practice and propagati...
2025-08-01 10:49:49,056 - ImprovedSemanticChunker - INFO - Processing question 1: What is the official name of India according to Article 1?
2025-08-01 10:49:49,189 - ImprovedSemanticChunker - INFO - Retrieved 8 chunks for question 1
2025-08-01 10:49:49,189 - ImprovedSemanticChunker - INFO - Chunk 1 (Score: 0.665): CONTENTS __________ PREAMBLE PART I THE UNION AND ITS TERRITORY ARTICLES 1. Name and territory of the Union. 2. Admission or establishment of new Stat...
2025-08-01 10:49:49,189 - ImprovedSemanticChunker - INFO - Chunk 2 (Score: 0.663): -2015). For the text of the Act, see Appendix I. THE CONSTITUTION OF INDIA (First Schedule) Name Territories 258 1[2[** * * * ]] 3[4[15.] Nagaland The...
2025-08-01 10:49:49,189 - ImprovedSemanticChunker - INFO - Chunk 3 (Score: 0.662): —Declaration under article 370(3) ofthe Constitution. THE CONSTITUTION OF INDIA PREAMBLE WE, THE PEOPLE OF INDIA, having solemnly resolved to constitu...
2025-08-01 10:49:49,189 - ImprovedSemanticChunker - INFO - Chunk 4 (Score: 0.643): that no such order shall be made after the first meeting of Parliament duly constituted under Chapter II of Part V. (2) Every order made under clause ...
2025-08-01 10:49:49,189 - ImprovedSemanticChunker - INFO - Chunk 5 (Score: 0.638): . Added by the Constitution (One Hundredth Amendment) Act, 2015, s. 3 (w.e.f. 31-7-2015). For the text of the Act, see Appendix I. THE CONSTITUTION OF...
2025-08-01 10:49:49,189 - ImprovedSemanticChunker - INFO - Chunk 6 (Score: 0.635): £ÉÉ®iÉ BÉEÉ ºÉÆÉÊ´ÉvÉÉxÉ [1, 2024 ] THE CONSTITUTION OF INDIA [As on 1stMay, 2024] 2024 GOVERNMENT OF INDIA MINISTRY OF LAW AND JUSTICE LEGISLATIVE DE...
2025-08-01 10:49:49,189 - ImprovedSemanticChunker - INFO - Chunk 7 (Score: 0.633): . 4 (w.e.f. 1-6-1993). 351APPENDIXI THE CONSTITUTION ( ONE HUNDREDTH AMENDMENT) ACT, 2015 [28th May, 2015.] An Act further to amend the Constitution o...
2025-08-01 10:49:49,189 - ImprovedSemanticChunker - INFO - Chunk 8 (Score: 0.632): uing any part of such translation, the President shall cause the same to be revised suitably. (3) The translation of this Constitution and of every am...
2025-08-01 10:50:04,072 - backoff - INFO - Backing off send_request(...) for 0.2s (requests.exceptions.ReadTimeout: HTTPSConnectionPool(host='us.i.posthog.com', port=443): Read timed out. (read timeout=15))
