2025-08-02 18:07:39,914 - ImprovedSemanticChunker - INFO - Loading BGE-large-EN embedding model (memory optimized)...
2025-08-02 18:07:39,941 - sentence_transformers.SentenceTransformer - INFO - Load pretrained SentenceTransformer: BAAI/bge-large-en-v1.5
2025-08-02 18:07:44,079 - chromadb.telemetry.product.posthog - INFO - Anonymized telemetry enabled. See                     https://docs.trychroma.com/telemetry for more information.
2025-08-02 18:07:46,065 - httpx - INFO - HTTP Request: POST https://api.cloud.llamaindex.ai/api/parsing/upload "HTTP/1.1 200 OK"
2025-08-02 18:07:47,390 - httpx - INFO - HTTP Request: GET https://api.cloud.llamaindex.ai/api/parsing/job/b06c334b-c3be-4586-b4fb-92d74645e6c2 "HTTP/1.1 200 OK"
2025-08-02 18:07:49,725 - httpx - INFO - HTTP Request: GET https://api.cloud.llamaindex.ai/api/parsing/job/b06c334b-c3be-4586-b4fb-92d74645e6c2 "HTTP/1.1 200 OK"
2025-08-02 18:07:53,039 - httpx - INFO - HTTP Request: GET https://api.cloud.llamaindex.ai/api/parsing/job/b06c334b-c3be-4586-b4fb-92d74645e6c2 "HTTP/1.1 200 OK"
2025-08-02 18:07:53,559 - httpx - INFO - HTTP Request: GET https://api.cloud.llamaindex.ai/api/parsing/job/b06c334b-c3be-4586-b4fb-92d74645e6c2/result/text "HTTP/1.1 200 OK"
2025-08-02 18:07:55,509 - ImprovedSemanticChunker - INFO - Creating vector embeddings and storing in ChromaDB...
2025-08-02 18:09:03,759 - ImprovedSemanticChunker - INFO - Added 1068 chunks to vector store: indian_constitution_collection
2025-08-02 18:09:05,441 - httpx - INFO - HTTP Request: POST https://api.cloud.llamaindex.ai/api/parsing/upload "HTTP/1.1 200 OK"
2025-08-02 18:09:06,759 - httpx - INFO - HTTP Request: GET https://api.cloud.llamaindex.ai/api/parsing/job/972a9f2f-51fc-47c6-95a8-3bcf90a8672d "HTTP/1.1 200 OK"
2025-08-02 18:09:09,072 - httpx - INFO - HTTP Request: GET https://api.cloud.llamaindex.ai/api/parsing/job/972a9f2f-51fc-47c6-95a8-3bcf90a8672d "HTTP/1.1 200 OK"
2025-08-02 18:09:12,388 - httpx - INFO - HTTP Request: GET https://api.cloud.llamaindex.ai/api/parsing/job/972a9f2f-51fc-47c6-95a8-3bcf90a8672d "HTTP/1.1 200 OK"
2025-08-02 18:09:16,700 - httpx - INFO - HTTP Request: GET https://api.cloud.llamaindex.ai/api/parsing/job/972a9f2f-51fc-47c6-95a8-3bcf90a8672d "HTTP/1.1 200 OK"
2025-08-02 18:09:22,485 - httpx - INFO - HTTP Request: GET https://api.cloud.llamaindex.ai/api/parsing/job/972a9f2f-51fc-47c6-95a8-3bcf90a8672d "HTTP/1.1 200 OK"
2025-08-02 18:09:23,046 - httpx - INFO - HTTP Request: GET https://api.cloud.llamaindex.ai/api/parsing/job/972a9f2f-51fc-47c6-95a8-3bcf90a8672d/result/text "HTTP/1.1 200 OK"
2025-08-02 18:09:25,666 - ImprovedSemanticChunker - INFO - Creating vector embeddings and storing in ChromaDB...
2025-08-02 18:11:06,799 - ImprovedSemanticChunker - INFO - Added 2324 chunks to vector store: principia_newton_collection
2025-08-02 18:11:08,888 - httpx - INFO - HTTP Request: POST https://api.cloud.llamaindex.ai/api/parsing/upload "HTTP/1.1 200 OK"
2025-08-02 18:11:10,308 - httpx - INFO - HTTP Request: GET https://api.cloud.llamaindex.ai/api/parsing/job/fa89c7dd-ce40-45df-bb4f-d0ea75743d30 "HTTP/1.1 200 OK"
2025-08-02 18:11:12,638 - httpx - INFO - HTTP Request: GET https://api.cloud.llamaindex.ai/api/parsing/job/fa89c7dd-ce40-45df-bb4f-d0ea75743d30 "HTTP/1.1 200 OK"
2025-08-02 18:11:15,963 - httpx - INFO - HTTP Request: GET https://api.cloud.llamaindex.ai/api/parsing/job/fa89c7dd-ce40-45df-bb4f-d0ea75743d30 "HTTP/1.1 200 OK"
2025-08-02 18:11:16,378 - httpx - INFO - HTTP Request: GET https://api.cloud.llamaindex.ai/api/parsing/job/fa89c7dd-ce40-45df-bb4f-d0ea75743d30/result/text "HTTP/1.1 200 OK"
2025-08-02 18:11:17,105 - ImprovedSemanticChunker - INFO - Creating vector embeddings and storing in ChromaDB...
2025-08-02 18:11:24,177 - ImprovedSemanticChunker - INFO - Added 136 chunks to vector store: doc_1
2025-08-02 18:11:25,665 - httpx - INFO - HTTP Request: POST https://api.cloud.llamaindex.ai/api/parsing/upload "HTTP/1.1 200 OK"
2025-08-02 18:11:26,971 - httpx - INFO - HTTP Request: GET https://api.cloud.llamaindex.ai/api/parsing/job/e6e113b9-7a96-4730-b6c3-6c72531d83fc "HTTP/1.1 200 OK"
2025-08-02 18:11:29,291 - httpx - INFO - HTTP Request: GET https://api.cloud.llamaindex.ai/api/parsing/job/e6e113b9-7a96-4730-b6c3-6c72531d83fc "HTTP/1.1 200 OK"
2025-08-02 18:11:32,589 - httpx - INFO - HTTP Request: GET https://api.cloud.llamaindex.ai/api/parsing/job/e6e113b9-7a96-4730-b6c3-6c72531d83fc "HTTP/1.1 200 OK"
2025-08-02 18:11:33,168 - httpx - INFO - HTTP Request: GET https://api.cloud.llamaindex.ai/api/parsing/job/e6e113b9-7a96-4730-b6c3-6c72531d83fc/result/text "HTTP/1.1 200 OK"
2025-08-02 18:11:33,867 - ImprovedSemanticChunker - INFO - Creating vector embeddings and storing in ChromaDB...
2025-08-02 18:11:38,580 - ImprovedSemanticChunker - INFO - Added 99 chunks to vector store: doc_2
2025-08-02 18:11:40,160 - httpx - INFO - HTTP Request: POST https://api.cloud.llamaindex.ai/api/parsing/upload "HTTP/1.1 200 OK"
2025-08-02 18:11:41,486 - httpx - INFO - HTTP Request: GET https://api.cloud.llamaindex.ai/api/parsing/job/b8218949-4260-4f5e-a0af-5273ee61e71a "HTTP/1.1 200 OK"
2025-08-02 18:11:43,943 - httpx - INFO - HTTP Request: GET https://api.cloud.llamaindex.ai/api/parsing/job/b8218949-4260-4f5e-a0af-5273ee61e71a "HTTP/1.1 200 OK"
2025-08-02 18:11:47,267 - httpx - INFO - HTTP Request: GET https://api.cloud.llamaindex.ai/api/parsing/job/b8218949-4260-4f5e-a0af-5273ee61e71a "HTTP/1.1 200 OK"
2025-08-02 18:11:51,663 - httpx - INFO - HTTP Request: GET https://api.cloud.llamaindex.ai/api/parsing/job/b8218949-4260-4f5e-a0af-5273ee61e71a "HTTP/1.1 200 OK"
2025-08-02 18:11:57,485 - httpx - INFO - HTTP Request: GET https://api.cloud.llamaindex.ai/api/parsing/job/b8218949-4260-4f5e-a0af-5273ee61e71a "HTTP/1.1 200 OK"
2025-08-02 18:12:03,301 - httpx - INFO - HTTP Request: GET https://api.cloud.llamaindex.ai/api/parsing/job/b8218949-4260-4f5e-a0af-5273ee61e71a "HTTP/1.1 200 OK"
2025-08-02 18:12:09,049 - httpx - INFO - HTTP Request: GET https://api.cloud.llamaindex.ai/api/parsing/job/b8218949-4260-4f5e-a0af-5273ee61e71a "HTTP/1.1 200 OK"
2025-08-02 18:12:14,789 - httpx - INFO - HTTP Request: GET https://api.cloud.llamaindex.ai/api/parsing/job/b8218949-4260-4f5e-a0af-5273ee61e71a "HTTP/1.1 200 OK"
2025-08-02 18:12:15,317 - httpx - INFO - HTTP Request: GET https://api.cloud.llamaindex.ai/api/parsing/job/b8218949-4260-4f5e-a0af-5273ee61e71a/result/text "HTTP/1.1 200 OK"
2025-08-02 18:12:16,248 - ImprovedSemanticChunker - INFO - Creating vector embeddings and storing in ChromaDB...
2025-08-02 18:12:28,849 - ImprovedSemanticChunker - INFO - Added 174 chunks to vector store: doc_3
2025-08-02 18:12:30,489 - httpx - INFO - HTTP Request: POST https://api.cloud.llamaindex.ai/api/parsing/upload "HTTP/1.1 200 OK"
2025-08-02 18:12:31,815 - httpx - INFO - HTTP Request: GET https://api.cloud.llamaindex.ai/api/parsing/job/e649308d-9c0e-4c45-a15e-3d4c9935fc83 "HTTP/1.1 200 OK"
2025-08-02 18:12:34,141 - httpx - INFO - HTTP Request: GET https://api.cloud.llamaindex.ai/api/parsing/job/e649308d-9c0e-4c45-a15e-3d4c9935fc83 "HTTP/1.1 200 OK"
2025-08-02 18:12:37,513 - httpx - INFO - HTTP Request: GET https://api.cloud.llamaindex.ai/api/parsing/job/e649308d-9c0e-4c45-a15e-3d4c9935fc83 "HTTP/1.1 200 OK"
2025-08-02 18:12:41,849 - httpx - INFO - HTTP Request: GET https://api.cloud.llamaindex.ai/api/parsing/job/e649308d-9c0e-4c45-a15e-3d4c9935fc83 "HTTP/1.1 200 OK"
2025-08-02 18:12:47,587 - httpx - INFO - HTTP Request: GET https://api.cloud.llamaindex.ai/api/parsing/job/e649308d-9c0e-4c45-a15e-3d4c9935fc83 "HTTP/1.1 200 OK"
2025-08-02 18:12:53,317 - httpx - INFO - HTTP Request: GET https://api.cloud.llamaindex.ai/api/parsing/job/e649308d-9c0e-4c45-a15e-3d4c9935fc83 "HTTP/1.1 200 OK"
2025-08-02 18:12:59,056 - httpx - INFO - HTTP Request: GET https://api.cloud.llamaindex.ai/api/parsing/job/e649308d-9c0e-4c45-a15e-3d4c9935fc83 "HTTP/1.1 200 OK"
2025-08-02 18:13:04,849 - httpx - INFO - HTTP Request: GET https://api.cloud.llamaindex.ai/api/parsing/job/e649308d-9c0e-4c45-a15e-3d4c9935fc83 "HTTP/1.1 200 OK"
2025-08-02 18:13:10,580 - httpx - INFO - HTTP Request: GET https://api.cloud.llamaindex.ai/api/parsing/job/e649308d-9c0e-4c45-a15e-3d4c9935fc83 "HTTP/1.1 200 OK"
2025-08-02 18:13:16,371 - httpx - INFO - HTTP Request: GET https://api.cloud.llamaindex.ai/api/parsing/job/e649308d-9c0e-4c45-a15e-3d4c9935fc83 "HTTP/1.1 200 OK"
2025-08-02 18:13:22,276 - httpx - INFO - HTTP Request: GET https://api.cloud.llamaindex.ai/api/parsing/job/e649308d-9c0e-4c45-a15e-3d4c9935fc83 "HTTP/1.1 200 OK"
2025-08-02 18:13:22,787 - httpx - INFO - HTTP Request: GET https://api.cloud.llamaindex.ai/api/parsing/job/e649308d-9c0e-4c45-a15e-3d4c9935fc83/result/text "HTTP/1.1 200 OK"
2025-08-02 18:13:23,534 - ImprovedSemanticChunker - INFO - Creating vector embeddings and storing in ChromaDB...
2025-08-02 18:13:29,830 - ImprovedSemanticChunker - INFO - Added 117 chunks to vector store: doc_4
2025-08-02 18:13:31,572 - httpx - INFO - HTTP Request: POST https://api.cloud.llamaindex.ai/api/parsing/upload "HTTP/1.1 200 OK"
2025-08-02 18:13:32,876 - httpx - INFO - HTTP Request: GET https://api.cloud.llamaindex.ai/api/parsing/job/2dd75fbb-aa1e-4d91-a5fb-1c7e5c770df8 "HTTP/1.1 200 OK"
2025-08-02 18:13:35,253 - httpx - INFO - HTTP Request: GET https://api.cloud.llamaindex.ai/api/parsing/job/2dd75fbb-aa1e-4d91-a5fb-1c7e5c770df8 "HTTP/1.1 200 OK"
2025-08-02 18:13:38,558 - httpx - INFO - HTTP Request: GET https://api.cloud.llamaindex.ai/api/parsing/job/2dd75fbb-aa1e-4d91-a5fb-1c7e5c770df8 "HTTP/1.1 200 OK"
2025-08-02 18:13:39,099 - httpx - INFO - HTTP Request: GET https://api.cloud.llamaindex.ai/api/parsing/job/2dd75fbb-aa1e-4d91-a5fb-1c7e5c770df8/result/text "HTTP/1.1 200 OK"
2025-08-02 18:13:39,804 - ImprovedSemanticChunker - INFO - Creating vector embeddings and storing in ChromaDB...
2025-08-02 18:13:46,624 - ImprovedSemanticChunker - INFO - Added 153 chunks to vector store: doc_5
2025-08-02 18:13:47,893 - httpx - INFO - HTTP Request: POST https://api.cloud.llamaindex.ai/api/parsing/upload "HTTP/1.1 200 OK"
2025-08-02 18:13:49,218 - httpx - INFO - HTTP Request: GET https://api.cloud.llamaindex.ai/api/parsing/job/243c290e-ee21-42f5-b834-b13ce2b89588 "HTTP/1.1 200 OK"
2025-08-02 18:13:51,553 - httpx - INFO - HTTP Request: GET https://api.cloud.llamaindex.ai/api/parsing/job/243c290e-ee21-42f5-b834-b13ce2b89588 "HTTP/1.1 200 OK"
2025-08-02 18:13:54,872 - httpx - INFO - HTTP Request: GET https://api.cloud.llamaindex.ai/api/parsing/job/243c290e-ee21-42f5-b834-b13ce2b89588 "HTTP/1.1 200 OK"
2025-08-02 18:13:55,461 - httpx - INFO - HTTP Request: GET https://api.cloud.llamaindex.ai/api/parsing/job/243c290e-ee21-42f5-b834-b13ce2b89588/result/text "HTTP/1.1 200 OK"
2025-08-02 18:13:56,469 - ImprovedSemanticChunker - INFO - Creating vector embeddings and storing in ChromaDB...
2025-08-02 18:14:08,244 - ImprovedSemanticChunker - INFO - Added 214 chunks to vector store: uni_group_health_collection
