2025-08-02 12:37:05,983 - ImprovedSemanticChunker - INFO - Loading BGE-large-EN embedding model (memory optimized)...
2025-08-02 12:37:05,984 - sentence_transformers.SentenceTransformer - INFO - Use pytorch device_name: cuda:0
2025-08-02 12:37:05,984 - sentence_transformers.SentenceTransformer - INFO - Load pretrained SentenceTransformer: BAAI/bge-large-en-v1.5
2025-08-02 12:37:12,689 - chromadb.telemetry.product.posthog - INFO - Anonymized telemetry enabled. See                     https://docs.trychroma.com/telemetry for more information.
2025-08-02 12:37:57,378 - ImprovedSemanticChunker - INFO - ================================================================================
2025-08-02 12:37:57,378 - ImprovedSemanticChunker - INFO - STARTING NEW PAYLOAD PROCESSING
2025-08-02 12:37:57,378 - ImprovedSemanticChunker - INFO - Downloading document from: https://hackrx.blob.core.windows.net/assets/UNI%20GROUP%20HEALTH%20INSURANCE%20POLICY%20-%20UIIHLGP26043V022526%201.pdf?sv=2023-01-03&spr=https&st=2025-07-31T17%3A06%3A03Z&se=2026-08-01T17%3A06%3A00Z&sr=b&sp=r&sig=wLlooaThgRx91i2z4WaeggT0qnuUUEzIUKj42GsvMfg%3D
2025-08-02 12:38:17,881 - ImprovedSemanticChunker - INFO - Extracting text from PDF...
2025-08-02 12:38:20,168 - ImprovedSemanticChunker - INFO - Successfully extracted and cleaned text. Total characters: 162382
2025-08-02 12:38:20,168 - ImprovedSemanticChunker - INFO - Creating token-based chunks...
2025-08-02 12:38:20,191 - ImprovedSemanticChunker - INFO - Document tokenized: 45068 tokens
2025-08-02 12:38:20,195 - ImprovedSemanticChunker - INFO - Created 181 token-based chunks
2025-08-02 12:38:20,195 - ImprovedSemanticChunker - INFO - Creating vector embeddings and storing in ChromaDB...
2025-08-02 12:38:39,550 - ImprovedSemanticChunker - INFO - Added 181 chunks to vector store: docs_21968000d3744828b08c6da0331e0b2e
2025-08-02 12:38:39,551 - ImprovedSemanticChunker - INFO - 
--- Processing Question 1: If an insured person takes treatment for arthritis at home because no hospital beds are available, under what circumstances would these expenses NOT be covered, even if a doctor declares the treatment was medically required? ---
2025-08-02 12:38:39,551 - ImprovedSemanticChunker - INFO - Searching for: 'If an insured person takes treatment for arthritis at home because no hospital beds are available, under what circumstances would these expenses NOT be covered, even if a doctor declares the treatment was medically required?'
2025-08-02 12:38:39,917 - ImprovedSemanticChunker - INFO - ================================================================================
2025-08-02 12:38:39,917 - ImprovedSemanticChunker - INFO - STARTING NEW PAYLOAD PROCESSING
2025-08-02 12:38:39,918 - ImprovedSemanticChunker - INFO - Downloading document from: https://hackrx.blob.core.windows.net/assets/UNI%20GROUP%20HEALTH%20INSURANCE%20POLICY%20-%20UIIHLGP26043V022526%201.pdf?sv=2023-01-03&spr=https&st=2025-07-31T17%3A06%3A03Z&se=2026-08-01T17%3A06%3A00Z&sr=b&sp=r&sig=wLlooaThgRx91i2z4WaeggT0qnuUUEzIUKj42GsvMfg%3D
2025-08-02 12:38:42,301 - ImprovedSemanticChunker - INFO - Extracting text from PDF...
2025-08-02 12:38:44,259 - ImprovedSemanticChunker - INFO - Successfully extracted and cleaned text. Total characters: 162382
2025-08-02 12:38:44,259 - ImprovedSemanticChunker - INFO - Creating token-based chunks...
2025-08-02 12:38:44,281 - ImprovedSemanticChunker - INFO - Document tokenized: 45068 tokens
2025-08-02 12:38:44,285 - ImprovedSemanticChunker - INFO - Created 181 token-based chunks
2025-08-02 12:38:44,285 - ImprovedSemanticChunker - INFO - Creating vector embeddings and storing in ChromaDB...
2025-08-02 12:39:03,090 - ImprovedSemanticChunker - INFO - Added 181 chunks to vector store: docs_21968000d3744828b08c6da0331e0b2e
2025-08-02 12:39:03,090 - ImprovedSemanticChunker - INFO - 
--- Processing Question 1: If an insured person takes treatment for arthritis at home because no hospital beds are available, under what circumstances would these expenses NOT be covered, even if a doctor declares the treatment was medically required? ---
2025-08-02 12:39:03,090 - ImprovedSemanticChunker - INFO - Searching for: 'If an insured person takes treatment for arthritis at home because no hospital beds are available, under what circumstances would these expenses NOT be covered, even if a doctor declares the treatment was medically required?'
