2025-08-02 14:18:00,427 - ImprovedSemanticChunker - INFO - Loading BGE-large-EN embedding model (memory optimized)...
2025-08-02 14:18:00,430 - sentence_transformers.SentenceTransformer - INFO - Load pretrained SentenceTransformer: BAAI/bge-large-en-v1.5
2025-08-02 14:18:05,118 - chromadb.telemetry.product.posthog - INFO - Anonymized telemetry enabled. See                     https://docs.trychroma.com/telemetry for more information.
2025-08-02 14:18:06,890 - ImprovedSemanticChunker - INFO - ================================================================================
2025-08-02 14:18:06,890 - ImprovedSemanticChunker - INFO - STARTING NEW PAYLOAD PROCESSING
2025-08-02 14:18:06,891 - ImprovedSemanticChunker - INFO - Using pre-chunked collection: indian_constitution_collection
2025-08-02 14:18:06,892 - ImprovedSemanticChunker - INFO - 
--- Processing Question 1: What is the official name of India according to Article 1? ---
2025-08-02 14:18:06,892 - ImprovedSemanticChunker - INFO - Searching for: 'What is the official name of India according to Article 1?'
2025-08-02 14:18:09,390 - ImprovedSemanticChunker - INFO - ================================================================================
2025-08-02 14:18:09,390 - ImprovedSemanticChunker - INFO - STARTING NEW PAYLOAD PROCESSING
2025-08-02 14:18:09,390 - ImprovedSemanticChunker - INFO - Using pre-chunked collection: indian_constitution_collection
2025-08-02 14:18:09,392 - ImprovedSemanticChunker - INFO - 
--- Processing Question 1: If my car is stolen, what case will it be in law? ---
2025-08-02 14:18:09,392 - ImprovedSemanticChunker - INFO - Searching for: 'If my car is stolen, what case will it be in law?'
2025-08-02 14:18:09,703 - ImprovedSemanticChunker - INFO - ================================================================================
2025-08-02 14:18:09,703 - ImprovedSemanticChunker - INFO - STARTING NEW PAYLOAD PROCESSING
2025-08-02 14:18:09,703 - ImprovedSemanticChunker - INFO - Using pre-chunked collection: indian_constitution_collection
2025-08-02 14:18:09,705 - ImprovedSemanticChunker - INFO - 
--- Processing Question 1: What is the official name of India according to Article 1? ---
2025-08-02 14:18:09,705 - ImprovedSemanticChunker - INFO - Searching for: 'What is the official name of India according to Article 1?'
2025-08-02 14:18:12,131 - ImprovedSemanticChunker - INFO - ================================================================================
2025-08-02 14:18:12,131 - ImprovedSemanticChunker - INFO - STARTING NEW PAYLOAD PROCESSING
2025-08-02 14:18:12,131 - ImprovedSemanticChunker - INFO - Using pre-chunked collection: indian_constitution_collection
2025-08-02 14:18:12,133 - ImprovedSemanticChunker - INFO - 
--- Processing Question 1: If my car is stolen, what case will it be in law? ---
2025-08-02 14:18:12,134 - ImprovedSemanticChunker - INFO - Searching for: 'If my car is stolen, what case will it be in law?'
