2025-08-02 11:28:52,409 - ImprovedSemanticChunker - INFO - Loading BGE-large-EN embedding model (memory optimized)...
2025-08-02 11:28:52,548 - sentence_transformers.SentenceTransformer - INFO - Load pretrained SentenceTransformer: BAAI/bge-large-en-v1.5
2025-08-02 11:34:44,711 - chromadb.telemetry.product.posthog - INFO - Anonymized telemetry enabled. See                     https://docs.trychroma.com/telemetry for more information.
2025-08-02 11:34:51,122 - httpx - INFO - HTTP Request: POST https://api.cloud.llamaindex.ai/api/parsing/upload "HTTP/1.1 200 OK"
2025-08-02 11:34:52,486 - httpx - INFO - HTTP Request: GET https://api.cloud.llamaindex.ai/api/parsing/job/9ab61365-b222-446b-8fa5-8eb42f4ba96a "HTTP/1.1 200 OK"
2025-08-02 11:34:54,829 - httpx - INFO - HTTP Request: GET https://api.cloud.llamaindex.ai/api/parsing/job/9ab61365-b222-446b-8fa5-8eb42f4ba96a "HTTP/1.1 200 OK"
2025-08-02 11:34:58,181 - httpx - INFO - HTTP Request: GET https://api.cloud.llamaindex.ai/api/parsing/job/9ab61365-b222-446b-8fa5-8eb42f4ba96a "HTTP/1.1 200 OK"
2025-08-02 11:34:58,796 - httpx - INFO - HTTP Request: GET https://api.cloud.llamaindex.ai/api/parsing/job/9ab61365-b222-446b-8fa5-8eb42f4ba96a/result/text "HTTP/1.1 200 OK"
2025-08-02 11:35:06,074 - ImprovedSemanticChunker - INFO - Creating vector embeddings and storing in ChromaDB...
2025-08-02 11:35:51,206 - ImprovedSemanticChunker - INFO - Added 1068 chunks to vector store: indian_constitution_collection
2025-08-02 11:35:53,486 - httpx - INFO - HTTP Request: POST https://api.cloud.llamaindex.ai/api/parsing/upload "HTTP/1.1 200 OK"
2025-08-02 11:35:54,846 - httpx - INFO - HTTP Request: GET https://api.cloud.llamaindex.ai/api/parsing/job/b231b3cb-c55b-4a97-a1e6-fbe37f8da64a "HTTP/1.1 200 OK"
2025-08-02 11:35:57,198 - httpx - INFO - HTTP Request: GET https://api.cloud.llamaindex.ai/api/parsing/job/b231b3cb-c55b-4a97-a1e6-fbe37f8da64a "HTTP/1.1 200 OK"
2025-08-02 11:36:00,564 - httpx - INFO - HTTP Request: GET https://api.cloud.llamaindex.ai/api/parsing/job/b231b3cb-c55b-4a97-a1e6-fbe37f8da64a "HTTP/1.1 200 OK"
2025-08-02 11:36:04,935 - httpx - INFO - HTTP Request: GET https://api.cloud.llamaindex.ai/api/parsing/job/b231b3cb-c55b-4a97-a1e6-fbe37f8da64a "HTTP/1.1 200 OK"
2025-08-02 11:36:11,115 - httpx - INFO - HTTP Request: GET https://api.cloud.llamaindex.ai/api/parsing/job/b231b3cb-c55b-4a97-a1e6-fbe37f8da64a "HTTP/1.1 200 OK"
2025-08-02 11:36:17,451 - httpx - INFO - HTTP Request: GET https://api.cloud.llamaindex.ai/api/parsing/job/b231b3cb-c55b-4a97-a1e6-fbe37f8da64a "HTTP/1.1 200 OK"
2025-08-02 11:36:18,201 - httpx - INFO - HTTP Request: GET https://api.cloud.llamaindex.ai/api/parsing/job/b231b3cb-c55b-4a97-a1e6-fbe37f8da64a/result/text "HTTP/1.1 200 OK"
2025-08-02 11:36:21,404 - ImprovedSemanticChunker - INFO - Creating vector embeddings and storing in ChromaDB...
2025-08-02 11:37:24,034 - ImprovedSemanticChunker - INFO - Added 2324 chunks to vector store: principia_newton_collection
2025-08-02 11:37:26,404 - httpx - INFO - HTTP Request: POST https://api.cloud.llamaindex.ai/api/parsing/upload "HTTP/1.1 200 OK"
2025-08-02 11:37:27,769 - httpx - INFO - HTTP Request: GET https://api.cloud.llamaindex.ai/api/parsing/job/a9920000-816c-47b2-89a0-bcf179bc0425 "HTTP/1.1 200 OK"
2025-08-02 11:37:30,118 - httpx - INFO - HTTP Request: GET https://api.cloud.llamaindex.ai/api/parsing/job/a9920000-816c-47b2-89a0-bcf179bc0425 "HTTP/1.1 200 OK"
2025-08-02 11:37:33,475 - httpx - INFO - HTTP Request: GET https://api.cloud.llamaindex.ai/api/parsing/job/a9920000-816c-47b2-89a0-bcf179bc0425 "HTTP/1.1 200 OK"
2025-08-02 11:37:34,035 - httpx - INFO - HTTP Request: GET https://api.cloud.llamaindex.ai/api/parsing/job/a9920000-816c-47b2-89a0-bcf179bc0425/result/text "HTTP/1.1 200 OK"
2025-08-02 11:37:34,825 - ImprovedSemanticChunker - INFO - Creating vector embeddings and storing in ChromaDB...
2025-08-02 11:37:39,376 - ImprovedSemanticChunker - INFO - Added 136 chunks to vector store: doc_1
2025-08-02 11:37:41,095 - httpx - INFO - HTTP Request: POST https://api.cloud.llamaindex.ai/api/parsing/upload "HTTP/1.1 200 OK"
2025-08-02 11:37:42,447 - httpx - INFO - HTTP Request: GET https://api.cloud.llamaindex.ai/api/parsing/job/674640c9-2c6f-4619-9d13-0a39e20ed29c "HTTP/1.1 200 OK"
2025-08-02 11:37:44,797 - httpx - INFO - HTTP Request: GET https://api.cloud.llamaindex.ai/api/parsing/job/674640c9-2c6f-4619-9d13-0a39e20ed29c "HTTP/1.1 200 OK"
2025-08-02 11:37:48,136 - httpx - INFO - HTTP Request: GET https://api.cloud.llamaindex.ai/api/parsing/job/674640c9-2c6f-4619-9d13-0a39e20ed29c "HTTP/1.1 200 OK"
2025-08-02 11:37:48,593 - httpx - INFO - HTTP Request: GET https://api.cloud.llamaindex.ai/api/parsing/job/674640c9-2c6f-4619-9d13-0a39e20ed29c/result/text "HTTP/1.1 200 OK"
2025-08-02 11:37:49,169 - ImprovedSemanticChunker - INFO - Creating vector embeddings and storing in ChromaDB...
2025-08-02 11:37:52,378 - ImprovedSemanticChunker - INFO - Added 99 chunks to vector store: doc_2
2025-08-02 11:37:54,208 - httpx - INFO - HTTP Request: POST https://api.cloud.llamaindex.ai/api/parsing/upload "HTTP/1.1 200 OK"
2025-08-02 11:37:55,554 - httpx - INFO - HTTP Request: GET https://api.cloud.llamaindex.ai/api/parsing/job/1152ccd0-319f-4ec2-886b-4a0e7bfe74f5 "HTTP/1.1 200 OK"
2025-08-02 11:37:57,899 - httpx - INFO - HTTP Request: GET https://api.cloud.llamaindex.ai/api/parsing/job/1152ccd0-319f-4ec2-886b-4a0e7bfe74f5 "HTTP/1.1 200 OK"
2025-08-02 11:38:01,252 - httpx - INFO - HTTP Request: GET https://api.cloud.llamaindex.ai/api/parsing/job/1152ccd0-319f-4ec2-886b-4a0e7bfe74f5 "HTTP/1.1 200 OK"
2025-08-02 11:38:05,610 - httpx - INFO - HTTP Request: GET https://api.cloud.llamaindex.ai/api/parsing/job/1152ccd0-319f-4ec2-886b-4a0e7bfe74f5 "HTTP/1.1 200 OK"
2025-08-02 11:38:12,076 - httpx - INFO - HTTP Request: GET https://api.cloud.llamaindex.ai/api/parsing/job/1152ccd0-319f-4ec2-886b-4a0e7bfe74f5 "HTTP/1.1 200 OK"
2025-08-02 11:38:18,556 - httpx - INFO - HTTP Request: GET https://api.cloud.llamaindex.ai/api/parsing/job/1152ccd0-319f-4ec2-886b-4a0e7bfe74f5 "HTTP/1.1 200 OK"
2025-08-02 11:38:24,769 - httpx - INFO - HTTP Request: GET https://api.cloud.llamaindex.ai/api/parsing/job/1152ccd0-319f-4ec2-886b-4a0e7bfe74f5 "HTTP/1.1 200 OK"
2025-08-02 11:38:25,350 - httpx - INFO - HTTP Request: GET https://api.cloud.llamaindex.ai/api/parsing/job/1152ccd0-319f-4ec2-886b-4a0e7bfe74f5/result/text "HTTP/1.1 200 OK"
2025-08-02 11:38:26,263 - ImprovedSemanticChunker - INFO - Creating vector embeddings and storing in ChromaDB...
2025-08-02 11:38:33,562 - ImprovedSemanticChunker - INFO - Added 174 chunks to vector store: doc_3
2025-08-02 11:38:35,738 - httpx - INFO - HTTP Request: POST https://api.cloud.llamaindex.ai/api/parsing/upload "HTTP/1.1 200 OK"
2025-08-02 11:38:37,111 - httpx - INFO - HTTP Request: GET https://api.cloud.llamaindex.ai/api/parsing/job/bbd95ab1-207f-4a54-91d0-f906899aef30 "HTTP/1.1 200 OK"
2025-08-02 11:38:39,494 - httpx - INFO - HTTP Request: GET https://api.cloud.llamaindex.ai/api/parsing/job/bbd95ab1-207f-4a54-91d0-f906899aef30 "HTTP/1.1 200 OK"
2025-08-02 11:38:42,872 - httpx - INFO - HTTP Request: GET https://api.cloud.llamaindex.ai/api/parsing/job/bbd95ab1-207f-4a54-91d0-f906899aef30 "HTTP/1.1 200 OK"
2025-08-02 11:38:43,326 - httpx - INFO - HTTP Request: GET https://api.cloud.llamaindex.ai/api/parsing/job/bbd95ab1-207f-4a54-91d0-f906899aef30/result/text "HTTP/1.1 200 OK"
2025-08-02 11:38:44,007 - ImprovedSemanticChunker - INFO - Creating vector embeddings and storing in ChromaDB...
2025-08-02 11:38:47,907 - ImprovedSemanticChunker - INFO - Added 117 chunks to vector store: doc_4
2025-08-02 11:38:49,601 - httpx - INFO - HTTP Request: POST https://api.cloud.llamaindex.ai/api/parsing/upload "HTTP/1.1 200 OK"
2025-08-02 11:38:50,959 - httpx - INFO - HTTP Request: GET https://api.cloud.llamaindex.ai/api/parsing/job/c60f897d-9949-4c11-b7c7-d213cb2a91d3 "HTTP/1.1 200 OK"
2025-08-02 11:38:53,314 - httpx - INFO - HTTP Request: GET https://api.cloud.llamaindex.ai/api/parsing/job/c60f897d-9949-4c11-b7c7-d213cb2a91d3 "HTTP/1.1 200 OK"
2025-08-02 11:38:56,655 - httpx - INFO - HTTP Request: GET https://api.cloud.llamaindex.ai/api/parsing/job/c60f897d-9949-4c11-b7c7-d213cb2a91d3 "HTTP/1.1 200 OK"
2025-08-02 11:38:57,191 - httpx - INFO - HTTP Request: GET https://api.cloud.llamaindex.ai/api/parsing/job/c60f897d-9949-4c11-b7c7-d213cb2a91d3/result/text "HTTP/1.1 200 OK"
2025-08-02 11:38:58,073 - ImprovedSemanticChunker - INFO - Creating vector embeddings and storing in ChromaDB...
2025-08-02 11:39:02,730 - ImprovedSemanticChunker - INFO - Added 153 chunks to vector store: doc_5
2025-08-02 11:39:04,697 - httpx - INFO - HTTP Request: POST https://api.cloud.llamaindex.ai/api/parsing/upload "HTTP/1.1 200 OK"
2025-08-02 11:39:06,038 - httpx - INFO - HTTP Request: GET https://api.cloud.llamaindex.ai/api/parsing/job/39cd23d5-2cbc-4fc4-9a70-d4a3c5e6f3a7 "HTTP/1.1 200 OK"
2025-08-02 11:39:08,395 - httpx - INFO - HTTP Request: GET https://api.cloud.llamaindex.ai/api/parsing/job/39cd23d5-2cbc-4fc4-9a70-d4a3c5e6f3a7 "HTTP/1.1 200 OK"
2025-08-02 11:39:11,756 - httpx - INFO - HTTP Request: GET https://api.cloud.llamaindex.ai/api/parsing/job/39cd23d5-2cbc-4fc4-9a70-d4a3c5e6f3a7 "HTTP/1.1 200 OK"
2025-08-02 11:39:12,245 - httpx - INFO - HTTP Request: GET https://api.cloud.llamaindex.ai/api/parsing/job/39cd23d5-2cbc-4fc4-9a70-d4a3c5e6f3a7/result/text "HTTP/1.1 200 OK"
2025-08-02 11:39:13,358 - ImprovedSemanticChunker - INFO - Creating vector embeddings and storing in ChromaDB...
2025-08-02 11:39:20,857 - ImprovedSemanticChunker - INFO - Added 214 chunks to vector store: uni_group_health_collection
