2025-08-02 12:32:49,854 - ImprovedSemanticChunker - INFO - Loading BGE-large-EN embedding model (memory optimized)...
2025-08-02 12:32:49,854 - sentence_transformers.SentenceTransformer - INFO - Use pytorch device_name: cuda:0
2025-08-02 12:32:49,854 - sentence_transformers.SentenceTransformer - INFO - Load pretrained SentenceTransformer: BAAI/bge-large-en-v1.5
2025-08-02 12:32:56,448 - chromadb.telemetry.product.posthog - INFO - Anonymized telemetry enabled. See                     https://docs.trychroma.com/telemetry for more information.
2025-08-02 12:33:07,328 - ImprovedSemanticChunker - INFO - ================================================================================
2025-08-02 12:33:07,328 - ImprovedSemanticChunker - INFO - STARTING NEW PAYLOAD PROCESSING
2025-08-02 12:33:07,329 - ImprovedSemanticChunker - INFO - Downloading document from: https://hackrx.blob.core.windows.net/assets/UNI%20GROUP%20HEALTH%20INSURANCE%20POLICY%20-%20UIIHLGP26043V022526%201.pdf?sv=2023-01-03&spr=https&st=2025-07-31T17%3A06%3A03Z&se=2026-08-01T17%3A06%3A00Z&sr=b&sp=r&sig=wLlooaThgRx91i2z4WaeggT0qnuUUEzIUKj42GsvMfg%3D
2025-08-02 12:33:09,966 - ImprovedSemanticChunker - INFO - Extracting text from PDF...
2025-08-02 12:33:11,913 - ImprovedSemanticChunker - INFO - Successfully extracted and cleaned text. Total characters: 162382
2025-08-02 12:33:11,913 - ImprovedSemanticChunker - INFO - Creating token-based chunks...
2025-08-02 12:33:11,936 - ImprovedSemanticChunker - INFO - Document tokenized: 45068 tokens
2025-08-02 12:33:11,939 - ImprovedSemanticChunker - INFO - Created 181 token-based chunks
2025-08-02 12:33:11,940 - ImprovedSemanticChunker - INFO - Creating vector embeddings and storing in ChromaDB...
2025-08-02 12:33:31,196 - ImprovedSemanticChunker - INFO - Added 181 chunks to vector store: docs_9b3907f5499741caa90a65150ab41531
2025-08-02 12:33:31,197 - ImprovedSemanticChunker - INFO - 
--- Processing Question 1: If an insured person takes treatment for arthritis at home because no hospital beds are available, under what circumstances would these expenses NOT be covered, even if a doctor declares the treatment was medically required? ---
2025-08-02 12:33:31,197 - ImprovedSemanticChunker - INFO - Searching for: 'If an insured person takes treatment for arthritis at home because no hospital beds are available, under what circumstances would these expenses NOT be covered, even if a doctor declares the treatment was medically required?'
2025-08-02 12:33:31,552 - ImprovedSemanticChunker - INFO - ================================================================================
2025-08-02 12:33:31,553 - ImprovedSemanticChunker - INFO - STARTING NEW PAYLOAD PROCESSING
2025-08-02 12:33:31,553 - ImprovedSemanticChunker - INFO - Downloading document from: https://hackrx.blob.core.windows.net/assets/UNI%20GROUP%20HEALTH%20INSURANCE%20POLICY%20-%20UIIHLGP26043V022526%201.pdf?sv=2023-01-03&spr=https&st=2025-07-31T17%3A06%3A03Z&se=2026-08-01T17%3A06%3A00Z&sr=b&sp=r&sig=wLlooaThgRx91i2z4WaeggT0qnuUUEzIUKj42GsvMfg%3D
2025-08-02 12:33:33,973 - ImprovedSemanticChunker - INFO - Extracting text from PDF...
2025-08-02 12:33:35,759 - ImprovedSemanticChunker - INFO - Successfully extracted and cleaned text. Total characters: 162382
2025-08-02 12:33:35,760 - ImprovedSemanticChunker - INFO - Creating token-based chunks...
2025-08-02 12:33:35,781 - ImprovedSemanticChunker - INFO - Document tokenized: 45068 tokens
2025-08-02 12:33:35,785 - ImprovedSemanticChunker - INFO - Created 181 token-based chunks
2025-08-02 12:33:35,785 - ImprovedSemanticChunker - INFO - Creating vector embeddings and storing in ChromaDB...
2025-08-02 12:33:54,575 - ImprovedSemanticChunker - INFO - Added 181 chunks to vector store: docs_9b3907f5499741caa90a65150ab41531
2025-08-02 12:33:54,575 - ImprovedSemanticChunker - INFO - 
--- Processing Question 1: If an insured person takes treatment for arthritis at home because no hospital beds are available, under what circumstances would these expenses NOT be covered, even if a doctor declares the treatment was medically required? ---
2025-08-02 12:33:54,576 - ImprovedSemanticChunker - INFO - Searching for: 'If an insured person takes treatment for arthritis at home because no hospital beds are available, under what circumstances would these expenses NOT be covered, even if a doctor declares the treatment was medically required?'
