2025-08-02 14:11:25,411 - ImprovedSemanticChunker - INFO - Loading BGE-large-EN embedding model (memory optimized)...
2025-08-02 14:11:25,411 - sentence_transformers.SentenceTransformer - INFO - Load pretrained SentenceTransformer: BAAI/bge-large-en-v1.5
2025-08-02 14:11:29,095 - chromadb.telemetry.product.posthog - INFO - Anonymized telemetry enabled. See                     https://docs.trychroma.com/telemetry for more information.
2025-08-02 14:11:32,404 - ImprovedSemanticChunker - INFO - ================================================================================
2025-08-02 14:11:32,404 - ImprovedSemanticChunker - INFO - STARTING NEW PAYLOAD PROCESSING
2025-08-02 14:11:32,404 - ImprovedSemanticChunker - INFO - Using pre-chunked collection: indian_constitution_collection
2025-08-02 14:11:32,405 - ImprovedSemanticChunker - INFO - 
--- Processing Question 1: What is the official name of India according to Article 1? ---
2025-08-02 14:11:32,405 - ImprovedSemanticChunker - INFO - Searching for: 'What is the official name of India according to Article 1?'
2025-08-02 14:11:34,778 - ImprovedSemanticChunker - INFO - ================================================================================
2025-08-02 14:11:34,778 - ImprovedSemanticChunker - INFO - STARTING NEW PAYLOAD PROCESSING
2025-08-02 14:11:34,779 - ImprovedSemanticChunker - INFO - Using pre-chunked collection: indian_constitution_collection
2025-08-02 14:11:34,780 - ImprovedSemanticChunker - INFO - 
--- Processing Question 1: If my car is stolen, what case will it be in law? ---
2025-08-02 14:11:34,781 - ImprovedSemanticChunker - INFO - Searching for: 'If my car is stolen, what case will it be in law?'
2025-08-02 14:11:35,016 - ImprovedSemanticChunker - INFO - ================================================================================
2025-08-02 14:11:35,016 - ImprovedSemanticChunker - INFO - STARTING NEW PAYLOAD PROCESSING
2025-08-02 14:11:35,016 - ImprovedSemanticChunker - INFO - Using pre-chunked collection: indian_constitution_collection
2025-08-02 14:11:35,017 - ImprovedSemanticChunker - INFO - 
--- Processing Question 1: What is the official name of India according to Article 1? ---
2025-08-02 14:11:35,018 - ImprovedSemanticChunker - INFO - Searching for: 'What is the official name of India according to Article 1?'
2025-08-02 14:11:37,288 - ImprovedSemanticChunker - INFO - ================================================================================
2025-08-02 14:11:37,288 - ImprovedSemanticChunker - INFO - STARTING NEW PAYLOAD PROCESSING
2025-08-02 14:11:37,289 - ImprovedSemanticChunker - INFO - Using pre-chunked collection: indian_constitution_collection
2025-08-02 14:11:37,290 - ImprovedSemanticChunker - INFO - 
--- Processing Question 1: If my car is stolen, what case will it be in law? ---
2025-08-02 14:11:37,290 - ImprovedSemanticChunker - INFO - Searching for: 'If my car is stolen, what case will it be in law?'
