2025-07-31 22:22:06,161 - sentence_transformers.SentenceTransformer - INFO - Load pretrained SentenceTransformer: BAAI/bge-small-en-v1.5
2025-07-31 22:22:26,926 - ImprovedSemanticChunker - INFO - Starting processing of new payload
2025-07-31 22:22:26,926 - ImprovedSemanticChunker - INFO - Document URL: https://hackrx.blob.core.windows.net/assets/indian_constitution.pdf?sv=2023-01-03&st=2025-07-28T06%3A42%3A00Z&se=2026-11-29T06%3A42%3A00Z&sr=b&sp=r&sig=5Gs%2FOXqP3zY00lgciu4BZjDV5QjTDIx7fgnfdz6Pu24%3D
2025-07-31 22:22:26,926 - ImprovedSemanticChunker - INFO - Number of questions: 10
2025-07-31 22:22:58,635 - ImprovedSemanticChunker - INFO - Extracted 854198 characters from document
2025-07-31 22:22:58,769 - ImprovedSemanticChunker - INFO - Created 509 token-based chunks with 100 token overlap
2025-07-31 22:22:58,770 - ImprovedSemanticChunker - INFO - Sample chunk 1: £ÉÉ®iÉ BÉEÉ ºÉÆÉÊ´ÉvÉÉxÉ [1, 2024 ] THE CONSTITUTION OF INDIA [As on 1stMay, 2024] 2024 GOVERNMENT O...
2025-07-31 22:22:58,770 - ImprovedSemanticChunker - INFO - Sample chunk 2: CONTENTS __________ PREAMBLE PART I THE UNION AND ITS TERRITORY ARTICLES 1. Name and territory of th...
2025-07-31 22:22:58,770 - ImprovedSemanticChunker - INFO - Sample chunk 3: . Right to Freedom of Religion 25. Freedom of conscience and free profession, practice and propagati...
2025-07-31 22:23:10,417 - ImprovedSemanticChunker - INFO - Processing question 1: What is the official name of India according to Article 1?
2025-07-31 22:23:11,487 - httpx - INFO - HTTP Request: GET https://chroma-onnx-models.s3.amazonaws.com/all-MiniLM-L6-v2/onnx.tar.gz "HTTP/1.1 200 OK"
2025-07-31 22:23:25,930 - ImprovedSemanticChunker - INFO - Retrieved 8 chunks for question 1
2025-07-31 22:23:25,930 - ImprovedSemanticChunker - INFO - Chunk 1 (Score: 0.247): last preceding census of which the relevant figures have been published. 243Q. Constitution of Municipalities. —(1) There shall be constituted in ever...
2025-07-31 22:23:25,930 - ImprovedSemanticChunker - INFO - Chunk 2 (Score: 0.245): 3Debiganj Haldibari 1752.44 34.Bara Khankikharija Citaldaha30Dimla Haldibari 7.71 THE CONSTITUTION OF INDIA (Appendix I) 361 1 2 3 4 5 6 35. Bara Khan...
2025-07-31 22:23:25,931 - ImprovedSemanticChunker - INFO - Chunk 3 (Score: 0.245): 7. Ins. by the Andhra Pradesh and Mysore (Transfer of Territory) Act, 1968 (36 of 1968), s. 4 (w.e.f. 1-10-1968). THE CONSTITUTION OF INDIA (First Sch...
2025-07-31 22:23:25,931 - ImprovedSemanticChunker - INFO - Chunk 4 (Score: 0.243): abhanga 3.5 Enclaves with Fragmented Chhits 109.(i) Bewladanga 34 Haldibari Boda 862.46 (ii) Bewladanga Fragment Haldibari Debiganj 110.(i) Kotbhajni ...
2025-07-31 22:23:25,931 - ImprovedSemanticChunker - INFO - Chunk 5 (Score: 0.241): -2015). For the text of the Act, see Appendix I. THE CONSTITUTION OF INDIA (First Schedule) Name Territories 258 1[2[** * * * ]] 3[4[15.] Nagaland The...
2025-07-31 22:23:25,931 - ImprovedSemanticChunker - INFO - Chunk 6 (Score: 0.241): ulker Dabri Fragment of J.L. 107 of P.S MekliganjPatgram Mekliganj 0.88 THE CONSTITUTION OF INDIA (Appendix I) 362 1 2 3 4 5 6 52.Kharkharia 15Patgram...
2025-07-31 22:23:25,931 - ImprovedSemanticChunker - INFO - Chunk 7 (Score: 0.240): alkuchi 126.59 93.Gotamari Chhit 136 Hatibandha Sitalkuchi 20.02 94.Banapachai 151 Lalmonirhat Dinhata 217.29 95.Banapachai Bhitarkuthi152 Lalmonirhat...
2025-07-31 22:23:25,931 - ImprovedSemanticChunker - INFO - Chunk 8 (Score: 0.238): before the Legislature of the State. ______________________________________________ 1. The words "or Rajpramukh" omitted by the Constitution (Seventh ...
2025-07-31 22:23:26,721 - ImprovedSemanticChunker - INFO - Final answer for question 1: Information not found in the document
2025-07-31 22:23:26,722 - ImprovedSemanticChunker - INFO - Processing question 2: Which Article guarantees equality before the law and equal protection of the laws?
2025-07-31 22:23:27,089 - ImprovedSemanticChunker - INFO - Retrieved 8 chunks for question 2
2025-07-31 22:23:27,089 - ImprovedSemanticChunker - INFO - Chunk 1 (Score: 0.272): Capital Territory of Delhi shall be reserved for women. (bc) As nearly as may be, one-third of the total number of seats to be filled by direct electi...
2025-07-31 22:23:27,089 - ImprovedSemanticChunker - INFO - Chunk 2 (Score: 0.244): (1) and (2), Parliament may by law empower any other court to exercise within the local limits of its jurisdiction all or any of the powers exercisabl...
2025-07-31 22:23:27,089 - ImprovedSemanticChunker - INFO - Chunk 3 (Score: 0.231): the Constitution (Fifteenth Amendment) Act, 1963, s.3 (w.e.f. 5-10-1963). THE CONSTITUTION OF INDIA (Part V.—The Union)61 Provided that nothing in thi...
2025-07-31 22:23:27,089 - ImprovedSemanticChunker - INFO - Chunk 4 (Score: 0.229): -eighth Amendment) Act, 1972: Provided that in the case of any such person who is holding or has held the office of the Chief Justice or other Judge o...
2025-07-31 22:23:27,089 - ImprovedSemanticChunker - INFO - Chunk 5 (Score: 0.228): Constitution, all the laws in force immediately before the commencement of this Constitution and applicable to any public service or any post which co...
2025-07-31 22:23:27,089 - ImprovedSemanticChunker - INFO - Chunk 6 (Score: 0.227): relating to citizenship. 6PART III FUNDAMENTAL RIGHTS General 12. Definition .—In this Part, unless the context otherwise requires, “the State” includ...
2025-07-31 22:23:27,089 - ImprovedSemanticChunker - INFO - Chunk 7 (Score: 0.225): similar instrument relating to Sikkim which was entered into or executed before the appointed day and to which the Government of India or any of its p...
2025-07-31 22:23:27,089 - ImprovedSemanticChunker - INFO - Chunk 8 (Score: 0.225): . 1-1-2004). THE CONSTITUTION OF INDIA (Part XIX.—M ISCELLANEOUS )221 (ii) under a body, whether incorporated or not, which is wholly or partially own...
2025-07-31 22:23:28,083 - ImprovedSemanticChunker - INFO - Final answer for question 2: Article 14 guarantees equality before the law and equal protection of the laws.
2025-07-31 22:23:28,083 - ImprovedSemanticChunker - INFO - Processing question 3: What is abolished by Article 17 of the Constitution?
2025-07-31 22:23:28,449 - ImprovedSemanticChunker - INFO - Retrieved 8 chunks for question 3
2025-07-31 22:23:28,449 - ImprovedSemanticChunker - INFO - Chunk 1 (Score: 0.247): 6, s. 53 (w.e.f. 3-1-1977). 3. Ins. by the Constitution (Fifty-ninth Amendment) Act, 1988, s. 3 (w.e.f. 30-3-1988) and ceased to operate on the expiry...
2025-07-31 22:23:28,449 - ImprovedSemanticChunker - INFO - Chunk 2 (Score: 0.238): notwithstanding anything in clauses (1) and (2) of article 316 but subject to the proviso to clause (2) of that article, continue to hold office until...
2025-07-31 22:23:28,449 - ImprovedSemanticChunker - INFO - Chunk 3 (Score: 0.230): —Declaration under article 370(3) ofthe Constitution. THE CONSTITUTION OF INDIA PREAMBLE WE, THE PEOPLE OF INDIA, having solemnly resolved to constitu...
2025-07-31 22:23:28,449 - ImprovedSemanticChunker - INFO - Chunk 4 (Score: 0.228): -6-1995). 3. Subs. by the Constitution (Eighty-fifth Amendment) Act, 2001, s. 2, for certain words (retrospectively) (w.e.f. 17-6-1995). 4.Ins. by the...
2025-07-31 22:23:28,449 - ImprovedSemanticChunker - INFO - Chunk 5 (Score: 0.225): s. by s. 56, ibid., for "four years" (w.e.f. 3-1-1977) and further subs. by s. 43, ibid., for "five years", respectively (w.e.f. 6-9-1979). THE CONSTI...
2025-07-31 22:23:28,449 - ImprovedSemanticChunker - INFO - Chunk 6 (Score: 0.223): re-numbered as cl. (1) by the Constitution (Forty-fourth Amendment) Act, 1978, s. 39 (w.e.f. 20-6-1979). 3. Subs. by s. 39, ibid, for "While a Proclam...
2025-07-31 22:23:28,449 - ImprovedSemanticChunker - INFO - Chunk 7 (Score: 0.220): similar instrument relating to Sikkim which was entered into or executed before the appointed day and to which the Government of India or any of its p...
2025-07-31 22:23:28,449 - ImprovedSemanticChunker - INFO - Chunk 8 (Score: 0.220): -1951). 3. Ins. by the Constitution (Twenty-fifth Amendment) Act, 1971, s. 3 (w.e.f. 20-4-1972). 4. Subs. by the Constitution (Forty-second Amendment)...
2025-07-31 22:23:29,180 - ImprovedSemanticChunker - INFO - Final answer for question 3: "Untouchability" is abolished by Article 17 of the Constitution, and its practice in any form is forbidden.
2025-07-31 22:23:29,180 - ImprovedSemanticChunker - INFO - Processing question 4: What are the key ideals mentioned in the Preamble of the Indian Constitution?
2025-07-31 22:23:29,581 - ImprovedSemanticChunker - INFO - Retrieved 8 chunks for question 4
2025-07-31 22:23:29,581 - ImprovedSemanticChunker - INFO - Chunk 1 (Score: 0.296): —Declaration under article 370(3) ofthe Constitution. THE CONSTITUTION OF INDIA PREAMBLE WE, THE PEOPLE OF INDIA, having solemnly resolved to constitu...
2025-07-31 22:23:29,581 - ImprovedSemanticChunker - INFO - Chunk 2 (Score: 0.287): subject to the control of the Union or of any contingent or unit thereof] in aid of the civil power). 2[2. Police (including railway and village polic...
2025-07-31 22:23:29,581 - ImprovedSemanticChunker - INFO - Chunk 3 (Score: 0.275): . Application of the principles contained in this Part. —The provisions contained in this Part shall not be enforceable by any court, but the principl...
2025-07-31 22:23:29,582 - ImprovedSemanticChunker - INFO - Chunk 4 (Score: 0.272): IA (Seventh Schedule) 313 50. Establishment of standards of weight and measure. 51. Establishment of standards of quality for goods to be exported out...
2025-07-31 22:23:29,582 - ImprovedSemanticChunker - INFO - Chunk 5 (Score: 0.269): including partnership, agency, contracts of carriage, and other special forms of contracts, but not including contracts relating to agricultural land....
2025-07-31 22:23:29,582 - ImprovedSemanticChunker - INFO - Chunk 6 (Score: 0.266): CONTENTS __________ PREAMBLE PART I THE UNION AND ITS TERRITORY ARTICLES 1. Name and territory of the Union. 2. Admission or establishment of new Stat...
2025-07-31 22:23:29,582 - ImprovedSemanticChunker - INFO - Chunk 7 (Score: 0.259): security .—The State shall endeavour to— (a) promote international peace and security; (b) maintain just and honourable relations between nations; (c)...
2025-07-31 22:23:29,582 - ImprovedSemanticChunker - INFO - Chunk 8 (Score: 0.254): that I will do right to all manner of people in accordance with the Constitution and the law, without fear or favour, affection or ill-will.” II Form ...
2025-07-31 22:23:30,472 - ImprovedSemanticChunker - INFO - Final answer for question 4: The key ideals mentioned in the Preamble of the Indian Constitution are JUSTICE (social, economic and political), LIBERTY (of thought, expression, belief, faith and worship), EQUALITY (of status and of opportunity), and FRATERNITY assuring the dignity of the individual and the unity and integrity of the Nation.
2025-07-31 22:23:30,473 - ImprovedSemanticChunker - INFO - Processing question 5: Under which Article can Parliament alter the boundaries of states?
2025-07-31 22:23:30,961 - ImprovedSemanticChunker - INFO - Retrieved 8 chunks for question 5
2025-07-31 22:23:30,961 - ImprovedSemanticChunker - INFO - Chunk 1 (Score: 0.255): Capital Territory of Delhi shall be reserved for women. (bc) As nearly as may be, one-third of the total number of seats to be filled by direct electi...
2025-07-31 22:23:30,961 - ImprovedSemanticChunker - INFO - Chunk 2 (Score: 0.254): relating to citizenship. 6PART III FUNDAMENTAL RIGHTS General 12. Definition .—In this Part, unless the context otherwise requires, “the State” includ...
2025-07-31 22:23:30,961 - ImprovedSemanticChunker - INFO - Chunk 3 (Score: 0.247): before the Legislature of the State. ______________________________________________ 1. The words "or Rajpramukh" omitted by the Constitution (Seventh ...
2025-07-31 22:23:30,961 - ImprovedSemanticChunker - INFO - Chunk 4 (Score: 0.246): 120.Language to be used in Parliament. 121.Restriction on discussion in Parliament. 122. Courts not to inquire into proceedings of Parliament. CHAPTER...
2025-07-31 22:23:30,961 - ImprovedSemanticChunker - INFO - Chunk 5 (Score: 0.243): last preceding census of which the relevant figures have been published. 243Q. Constitution of Municipalities. —(1) There shall be constituted in ever...
2025-07-31 22:23:30,961 - ImprovedSemanticChunker - INFO - Chunk 6 (Score: 0.242): (w.e.f. 10-6-1970). 2. Addedby the Bihar Reorganisation Act, 2000 (30 of 2000), s. 5 (w.e.f. 15-11- 2000). 3.Subs. by the Bombay Reorganisation Act, 1...
2025-07-31 22:23:30,961 - ImprovedSemanticChunker - INFO - Chunk 7 (Score: 0.239): a Union territory or any part thereof. (c) If any provision of a law made by the Legislative Assembly with respect to any matter is repugnant to any p...
2025-07-31 22:23:30,961 - ImprovedSemanticChunker - INFO - Chunk 8 (Score: 0.237): . 1-1-2004). THE CONSTITUTION OF INDIA (Part XIX.—M ISCELLANEOUS )221 (ii) under a body, whether incorporated or not, which is wholly or partially own...
2025-07-31 22:23:31,690 - ImprovedSemanticChunker - INFO - Final answer for question 5: Information not found in the document
2025-07-31 22:23:31,690 - ImprovedSemanticChunker - INFO - Processing question 6: According to Article 24, children below what age are prohibited from working?
2025-07-31 22:23:32,127 - ImprovedSemanticChunker - INFO - Retrieved 8 chunks for question 6
2025-07-31 22:23:32,127 - ImprovedSemanticChunker - INFO - Chunk 1 (Score: 0.146): reason unable to perform the duties of his office or is appointed to act temporarily as Chief Justice, 1[the President may, in consultation with the N...
2025-07-31 22:23:32,127 - ImprovedSemanticChunker - INFO - Chunk 2 (Score: 0.146): . 9, ibid.(w.e.f. 20-6-1979). THE CONSTITUTION OF INDIA (Part IV.— Directive Principles of State Policy)22 1[(f) that children are given opportunities...
2025-07-31 22:23:32,127 - ImprovedSemanticChunker - INFO - Chunk 3 (Score: 0.139): anchayat would have continued is less than six months, it shall not be necessary to hold any election under this clause for constituting the Panchayat...
2025-07-31 22:23:32,127 - ImprovedSemanticChunker - INFO - Chunk 4 (Score: 0.136): -ninth Amendment) Act, 1984, s. 3, for "and Meghalaya" (w.e.f. 1-4-1985). 4. Subs. by the State of Mizoram Act, 1986 (34 of 1986), s. 39, for "Meghala...
2025-07-31 22:23:32,127 - ImprovedSemanticChunker - INFO - Chunk 5 (Score: 0.133): law prescribing, in regard to a class or classes of employment or appointment to an office 1[under the Government of, or any local or other authority ...
2025-07-31 22:23:32,127 - ImprovedSemanticChunker - INFO - Chunk 6 (Score: 0.133): punishable in accordance with law. (2) Nothing in this article shall prevent the State from imposing compulsory service for public purposes, and in im...
2025-07-31 22:23:32,127 - ImprovedSemanticChunker - INFO - Chunk 7 (Score: 0.131): -9-2000). 2. The words and letters "specified in Part A or Part B of the First Schedule" omitted by the Constitution (Seventh Amendment) Act, 1956, s....
2025-07-31 22:23:32,127 - ImprovedSemanticChunker - INFO - Chunk 8 (Score: 0.131): Act, 1956, s. 29 and Sch. (w.e.f. 1-11-1956). THE CONSTITUTION OF INDIA (Part XIV. —Services under the Union and the States) 180 (a) determine the num...
2025-07-31 22:23:33,104 - ImprovedSemanticChunker - INFO - Final answer for question 6: Yes, according to Article 24, children below the age of fourteen years are prohibited from working in any factory or mine or engaged in any other hazardous employment.
2025-07-31 22:23:33,104 - ImprovedSemanticChunker - INFO - Processing question 7: What is the significance of Article 21 in the Indian Constitution?
2025-07-31 22:23:33,725 - ImprovedSemanticChunker - INFO - Retrieved 8 chunks for question 7
2025-07-31 22:23:33,725 - ImprovedSemanticChunker - INFO - Chunk 1 (Score: 0.261): —Declaration under article 370(3) ofthe Constitution. THE CONSTITUTION OF INDIA PREAMBLE WE, THE PEOPLE OF INDIA, having solemnly resolved to constitu...
2025-07-31 22:23:33,725 - ImprovedSemanticChunker - INFO - Chunk 2 (Score: 0.245): before the Legislature of the State. ______________________________________________ 1. The words "or Rajpramukh" omitted by the Constitution (Seventh ...
2025-07-31 22:23:33,725 - ImprovedSemanticChunker - INFO - Chunk 3 (Score: 0.242): -1951). 3. Ins. by the Constitution (Twenty-fifth Amendment) Act, 1971, s. 3 (w.e.f. 20-4-1972). 4. Subs. by the Constitution (Forty-second Amendment)...
2025-07-31 22:23:33,725 - ImprovedSemanticChunker - INFO - Chunk 4 (Score: 0.239): es) Order, 1962 (C.O. 64), the Constitution (Pondicherry) Scheduled Castes Order, 1964 (C.O. 68), the Constitution (Goa, Daman and Diu) Scheduled Cast...
2025-07-31 22:23:33,725 - ImprovedSemanticChunker - INFO - Chunk 5 (Score: 0.238): ) “Part” means a Part of this Constitution; (17) “pension” means a pension, whether contributory or not, of any kind whatsoever payable to or in respe...
2025-07-31 22:23:33,725 - ImprovedSemanticChunker - INFO - Chunk 6 (Score: 0.238): members of the Anglo-Indian community to posts in the railway, customs, postal and telegraph services of the Union shall be made on the same basis as ...
2025-07-31 22:23:33,725 - ImprovedSemanticChunker - INFO - Chunk 7 (Score: 0.235): population for the purposes of certain elections.] .—Omitted by the Constitution (Seventh Amendment) Act, 1956, s. 29 and Sch. (w.e.f. 1-11-1956). 388...
2025-07-31 22:23:33,725 - ImprovedSemanticChunker - INFO - Chunk 8 (Score: 0.235): 1. Cls. (4) and (5) ins. by the Constitution (Thirty-eighth Amendment) Act, 1975, s. 5 (with retrospective effect) and subsequently cl. (4) renumbered...
2025-07-31 22:23:34,524 - ImprovedSemanticChunker - INFO - Final answer for question 7: Information not found in the document
2025-07-31 22:23:34,524 - ImprovedSemanticChunker - INFO - Processing question 8: Article 15 prohibits discrimination on certain grounds. What are they?
2025-07-31 22:23:34,984 - ImprovedSemanticChunker - INFO - Retrieved 8 chunks for question 8
2025-07-31 22:23:34,985 - ImprovedSemanticChunker - INFO - Chunk 1 (Score: 0.252): classes mentioned in clauses (4) and (5); and (b)any special provision for the advancement of any economically weaker sections of citizens other than ...
2025-07-31 22:23:34,985 - ImprovedSemanticChunker - INFO - Chunk 2 (Score: 0.244): s. by the Constitution (Thirty-ninth Amendment) Act, 1975, s. 3, for certain words (w.e.f. 10-8-1975). 2. The words, figures and letter "but subject t...
2025-07-31 22:23:34,985 - ImprovedSemanticChunker - INFO - Chunk 3 (Score: 0.244): -ninth Amendment) Act, 1984, s. 3, for "and Meghalaya" (w.e.f. 1-4-1985). 4. Subs. by the State of Mizoram Act, 1986 (34 of 1986), s. 39, for "Meghala...
2025-07-31 22:23:34,985 - ImprovedSemanticChunker - INFO - Chunk 4 (Score: 0.242): -6-1995). 3. Subs. by the Constitution (Eighty-fifth Amendment) Act, 2001, s. 2, for certain words (retrospectively) (w.e.f. 17-6-1995). 4.Ins. by the...
2025-07-31 22:23:34,985 - ImprovedSemanticChunker - INFO - Chunk 5 (Score: 0.237): -9-2000). 2. The words and letters "specified in Part A or Part B of the First Schedule" omitted by the Constitution (Seventh Amendment) Act, 1956, s....
2025-07-31 22:23:34,985 - ImprovedSemanticChunker - INFO - Chunk 6 (Score: 0.237): law prescribing, in regard to a class or classes of employment or appointment to an office 1[under the Government of, or any local or other authority ...
2025-07-31 22:23:34,985 - ImprovedSemanticChunker - INFO - Chunk 7 (Score: 0.234): . 1-11-1956). 381.[Council of Ministers of the President.] .—Omitted by the Constitution (Seventh Amendment) Act, 1956, s. 29 and Sch. (w.e.f. 1-11-19...
2025-07-31 22:23:34,985 - ImprovedSemanticChunker - INFO - Chunk 8 (Score: 0.231): 5-12-1992). 2. Subs. by the Constitution (Eighty-fourth Amendment) Act, 2001, s. 7, for "2000" (w.e.f. 21-2-2002). 3. Certain words omitted by the Nor...
2025-07-31 22:23:35,818 - ImprovedSemanticChunker - INFO - Final answer for question 8: Article 15 prohibits discrimination on the grounds of religion, race, caste, sex, descent, place of birth, or residence.
2025-07-31 22:23:35,818 - ImprovedSemanticChunker - INFO - Processing question 9: Which Article allows Parliament to regulate the right to form associations?
2025-07-31 22:23:36,415 - ImprovedSemanticChunker - INFO - Retrieved 8 chunks for question 9
2025-07-31 22:23:36,415 - ImprovedSemanticChunker - INFO - Chunk 1 (Score: 0.228): or by any law made by Parliament upon the Union or authorities thereof. Council of Ministers 163. Council of Ministers to aid and advise Governor. —(1...
2025-07-31 22:23:36,415 - ImprovedSemanticChunker - INFO - Chunk 2 (Score: 0.226): . 9, ibid.(w.e.f. 20-6-1979). THE CONSTITUTION OF INDIA (Part IV.— Directive Principles of State Policy)22 1[(f) that children are given opportunities...
2025-07-31 22:23:36,415 - ImprovedSemanticChunker - INFO - Chunk 3 (Score: 0.225): needs representation in the Legislative Assembly of the State and is not adequately represented therein, 3[nominate one member of that community to th...
2025-07-31 22:23:36,415 - ImprovedSemanticChunker - INFO - Chunk 4 (Score: 0.221): -eighth Amendment) Act, 1972: Provided that in the case of any such person who is holding or has held the office of the Chief Justice or other Judge o...
2025-07-31 22:23:36,415 - ImprovedSemanticChunker - INFO - Chunk 5 (Score: 0.217): the Constitution (Ninety-first Amendment) Act, 2003, s.3 (w.e.f. 1-1-2004). 4. 7-1-2004, videnotification numberS.O. 21(E), dated 7-1-2004. THE CONSTI...
2025-07-31 22:23:36,415 - ImprovedSemanticChunker - INFO - Chunk 6 (Score: 0.217): Capital Territory of Delhi shall be reserved for women. (bc) As nearly as may be, one-third of the total number of seats to be filled by direct electi...
2025-07-31 22:23:36,415 - ImprovedSemanticChunker - INFO - Chunk 7 (Score: 0.216): a Union territory or any part thereof. (c) If any provision of a law made by the Legislative Assembly with respect to any matter is repugnant to any p...
2025-07-31 22:23:36,415 - ImprovedSemanticChunker - INFO - Chunk 8 (Score: 0.215): Constitution (Seventh Amendment) Act, 1956, s. 29 and Sch. (w.e.f. 1-11-1956). 2. Subs. by the Constitution (Sixty-first Amendment) Act, 1988, s. 2, f...
2025-07-31 22:23:37,061 - ImprovedSemanticChunker - INFO - Final answer for question 9: Information not found in the document
2025-07-31 22:23:37,061 - ImprovedSemanticChunker - INFO - Processing question 10: What restrictions can the State impose on the right to freedom of speech?
2025-07-31 22:23:37,702 - ImprovedSemanticChunker - INFO - Retrieved 8 chunks for question 10
2025-07-31 22:23:37,703 - ImprovedSemanticChunker - INFO - Chunk 1 (Score: 0.173): olument, or office of any kind from or under any foreign State. Right to Freedom 19. Protection of certain rights regarding freedom of speech, etc. — ...
2025-07-31 22:23:37,703 - ImprovedSemanticChunker - INFO - Chunk 2 (Score: 0.171): ) of the said clause shall affect the operation of any existing law in so far as it imposes, or prevent the State from making any law imposing, in the...
2025-07-31 22:23:37,703 - ImprovedSemanticChunker - INFO - Chunk 3 (Score: 0.167): (f) “Population” means the population as ascertained at the last preceding census of which the relevant figures have been published; (g) “village” mea...
2025-07-31 22:23:37,703 - ImprovedSemanticChunker - INFO - Chunk 4 (Score: 0.160): es in the autonomous districts of Assam shall bear to the total number of seats allotted to that State a proportion not less than the population of th...
2025-07-31 22:23:37,704 - ImprovedSemanticChunker - INFO - Chunk 5 (Score: 0.160): before the Legislature of the State. ______________________________________________ 1. The words "or Rajpramukh" omitted by the Constitution (Seventh ...
2025-07-31 22:23:37,704 - ImprovedSemanticChunker - INFO - Chunk 6 (Score: 0.157): punishable in accordance with law. (2) Nothing in this article shall prevent the State from imposing compulsory service for public purposes, and in im...
2025-07-31 22:23:37,704 - ImprovedSemanticChunker - INFO - Chunk 7 (Score: 0.152): or by any law made by Parliament upon the Union or authorities thereof. Council of Ministers 163. Council of Ministers to aid and advise Governor. —(1...
2025-07-31 22:23:37,704 - ImprovedSemanticChunker - INFO - Chunk 8 (Score: 0.149): -6-1995). 3. Subs. by the Constitution (Eighty-fifth Amendment) Act, 2001, s. 2, for certain words (retrospectively) (w.e.f. 17-6-1995). 4.Ins. by the...
2025-07-31 22:23:38,665 - ImprovedSemanticChunker - INFO - Final answer for question 10: Yes, the State can impose reasonable restrictions on the right to freedom of speech in the interests of the sovereignty and integrity of India, the security of the State, friendly relations with foreign States, public order, decency or morality, or in relation to contempt of court, defamation or incitement to an offence.
2025-07-31 22:23:38,665 - ImprovedSemanticChunker - INFO - Processing complete
2025-07-31 22:23:38,666 - ImprovedSemanticChunker - INFO - Document URL: https://hackrx.blob.core.windows.net/assets/indian_constitution.pdf?sv=2023-01-03&st=2025-07-28T06%3A42%3A00Z&se=2026-11-29T06%3A42%3A00Z&sr=b&sp=r&sig=5Gs%2FOXqP3zY00lgciu4BZjDV5QjTDIx7fgnfdz6Pu24%3D
2025-07-31 22:23:38,666 - ImprovedSemanticChunker - INFO - Total chunks: 509
2025-07-31 22:23:38,666 - ImprovedSemanticChunker - INFO - Total questions processed: 10
2025-07-31 22:23:38,672 - ImprovedSemanticChunker - INFO - Full results saved to logs/results_20250731_222338.json
